{"name":"verify the Vtiger Sales_Accounts Pages","status":"broken","statusDetails":{"known":false,"muted":false,"flaky":false,"message":"session not created: This version of ChromeDriver only supports Chrome version 110\nCurrent browser version is 115.0.5790.102 with binary path C:\\Program Files\\Google\\Chrome\\Application\\chrome.exe\nBuild info: version: '3.141.59', revision: 'e82be7d358', time: '2018-11-14T08:17:03'\nSystem info: host: 'DESKTOP-MVHKLV0', ip: '192.168.1.6', os.name: 'Windows 10', os.arch: 'amd64', os.version: '10.0', java.version: '17.0.8'\nDriver info: driver.version: ChromeDriver\nremote stacktrace: Backtrace:\n\t(No symbol) [0x004337D3]\n\t(No symbol) [0x003C8B81]\n\t(No symbol) [0x002CB36D]\n\t(No symbol) [0x002EED6D]\n\t(No symbol) [0x002E9B90]\n\t(No symbol) [0x002E6FC9]\n\t(No symbol) [0x00321ED5]\n\t(No symbol) [0x00321B2C]\n\t(No symbol) [0x0031B216]\n\t(No symbol) [0x002F0D97]\n\t(No symbol) [0x002F253D]\n\tGetHandleVerifier [0x006AABF2+2510930]\n\tGetHandleVerifier [0x006D8EC1+2700065]\n\tGetHandleVerifier [0x006DC86C+2714828]\n\tGetHandleVerifier [0x004E3480+645344]\n\t(No symbol) [0x003D0FD2]\n\t(No symbol) [0x003D6C68]\n\t(No symbol) [0x003D6D4B]\n\t(No symbol) [0x003E0D6B]\n\tBaseThreadInitThunk [0x75B000C9+25]\n\tRtlGetAppContainerNamedObjectPath [0x77BB7B1E+286]\n\tRtlGetAppContainerNamedObjectPath [0x77BB7AEE+238]\n","trace":"org.openqa.selenium.SessionNotCreatedException: session not created: This version of ChromeDriver only supports Chrome version 110\nCurrent browser version is 115.0.5790.102 with binary path C:\\Program Files\\Google\\Chrome\\Application\\chrome.exe\nBuild info: version: '3.141.59', revision: 'e82be7d358', time: '2018-11-14T08:17:03'\nSystem info: host: 'DESKTOP-MVHKLV0', ip: '192.168.1.6', os.name: 'Windows 10', os.arch: 'amd64', os.version: '10.0', java.version: '17.0.8'\nDriver info: driver.version: ChromeDriver\nremote stacktrace: Backtrace:\n\t(No symbol) [0x004337D3]\n\t(No symbol) [0x003C8B81]\n\t(No symbol) [0x002CB36D]\n\t(No symbol) [0x002EED6D]\n\t(No symbol) [0x002E9B90]\n\t(No symbol) [0x002E6FC9]\n\t(No symbol) [0x00321ED5]\n\t(No symbol) [0x00321B2C]\n\t(No symbol) [0x0031B216]\n\t(No symbol) [0x002F0D97]\n\t(No symbol) [0x002F253D]\n\tGetHandleVerifier [0x006AABF2+2510930]\n\tGetHandleVerifier [0x006D8EC1+2700065]\n\tGetHandleVerifier [0x006DC86C+2714828]\n\tGetHandleVerifier [0x004E3480+645344]\n\t(No symbol) [0x003D0FD2]\n\t(No symbol) [0x003D6C68]\n\t(No symbol) [0x003D6D4B]\n\t(No symbol) [0x003E0D6B]\n\tBaseThreadInitThunk [0x75B000C9+25]\n\tRtlGetAppContainerNamedObjectPath [0x77BB7B1E+286]\n\tRtlGetAppContainerNamedObjectPath [0x77BB7AEE+238]\n\r\n\tat java.base/jdk.internal.reflect.NativeConstructorAccessorImpl.newInstance0(Native Method)\r\n\tat java.base/jdk.internal.reflect.NativeConstructorAccessorImpl.newInstance(NativeConstructorAccessorImpl.java:77)\r\n\tat java.base/jdk.internal.reflect.DelegatingConstructorAccessorImpl.newInstance(DelegatingConstructorAccessorImpl.java:45)\r\n\tat java.base/java.lang.reflect.Constructor.newInstanceWithCaller(Constructor.java:499)\r\n\tat java.base/java.lang.reflect.Constructor.newInstance(Constructor.java:480)\r\n\tat org.openqa.selenium.remote.W3CHandshakeResponse.lambda$errorHandler$0(W3CHandshakeResponse.java:62)\r\n\tat org.openqa.selenium.remote.HandshakeResponse.lambda$getResponseFunction$0(HandshakeResponse.java:30)\r\n\tat org.openqa.selenium.remote.ProtocolHandshake.lambda$createSession$0(ProtocolHandshake.java:126)\r\n\tat java.base/java.util.stream.ReferencePipeline$3$1.accept(ReferencePipeline.java:197)\r\n\tat java.base/java.util.Spliterators$ArraySpliterator.tryAdvance(Spliterators.java:1002)\r\n\tat java.base/java.util.stream.ReferencePipeline.forEachWithCancel(ReferencePipeline.java:129)\r\n\tat java.base/java.util.stream.AbstractPipeline.copyIntoWithCancel(AbstractPipeline.java:527)\r\n\tat java.base/java.util.stream.AbstractPipeline.copyInto(AbstractPipeline.java:513)\r\n\tat java.base/java.util.stream.AbstractPipeline.wrapAndCopyInto(AbstractPipeline.java:499)\r\n\tat java.base/java.util.stream.FindOps$FindOp.evaluateSequential(FindOps.java:150)\r\n\tat java.base/java.util.stream.AbstractPipeline.evaluate(AbstractPipeline.java:234)\r\n\tat java.base/java.util.stream.ReferencePipeline.findFirst(ReferencePipeline.java:647)\r\n\tat org.openqa.selenium.remote.ProtocolHandshake.createSession(ProtocolHandshake.java:128)\r\n\tat org.openqa.selenium.remote.ProtocolHandshake.createSession(ProtocolHandshake.java:74)\r\n\tat org.openqa.selenium.remote.HttpCommandExecutor.execute(HttpCommandExecutor.java:136)\r\n\tat org.openqa.selenium.remote.service.DriverCommandExecutor.execute(DriverCommandExecutor.java:83)\r\n\tat org.openqa.selenium.remote.RemoteWebDriver.execute(RemoteWebDriver.java:552)\r\n\tat org.openqa.selenium.remote.RemoteWebDriver.startSession(RemoteWebDriver.java:213)\r\n\tat org.openqa.selenium.remote.RemoteWebDriver.<init>(RemoteWebDriver.java:131)\r\n\tat org.openqa.selenium.chrome.ChromeDriver.<init>(ChromeDriver.java:181)\r\n\tat org.openqa.selenium.chrome.ChromeDriver.<init>(ChromeDriver.java:168)\r\n\tat org.openqa.selenium.chrome.ChromeDriver.<init>(ChromeDriver.java:123)\r\n\tat stepdefinition.Sales_TestScript.i_navigate_to_application_open_URl(Sales_TestScript.java:46)\r\n\tat ✽.I navigate to application open URl(file:src/test/resources/features/Sales.feature:32)\r\n"},"stage":"finished","steps":[{"name":"Given  I navigate to application open URl","status":"broken","statusDetails":{"known":false,"muted":false,"flaky":false,"message":"session not created: This version of ChromeDriver only supports Chrome version 110\nCurrent browser version is 115.0.5790.102 with binary path C:\\Program Files\\Google\\Chrome\\Application\\chrome.exe\nBuild info: version: '3.141.59', revision: 'e82be7d358', time: '2018-11-14T08:17:03'\nSystem info: host: 'DESKTOP-MVHKLV0', ip: '192.168.1.6', os.name: 'Windows 10', os.arch: 'amd64', os.version: '10.0', java.version: '17.0.8'\nDriver info: driver.version: ChromeDriver\nremote stacktrace: Backtrace:\n\t(No symbol) [0x004337D3]\n\t(No symbol) [0x003C8B81]\n\t(No symbol) [0x002CB36D]\n\t(No symbol) [0x002EED6D]\n\t(No symbol) [0x002E9B90]\n\t(No symbol) [0x002E6FC9]\n\t(No symbol) [0x00321ED5]\n\t(No symbol) [0x00321B2C]\n\t(No symbol) [0x0031B216]\n\t(No symbol) [0x002F0D97]\n\t(No symbol) [0x002F253D]\n\tGetHandleVerifier [0x006AABF2+2510930]\n\tGetHandleVerifier [0x006D8EC1+2700065]\n\tGetHandleVerifier [0x006DC86C+2714828]\n\tGetHandleVerifier [0x004E3480+645344]\n\t(No symbol) [0x003D0FD2]\n\t(No symbol) [0x003D6C68]\n\t(No symbol) [0x003D6D4B]\n\t(No symbol) [0x003E0D6B]\n\tBaseThreadInitThunk [0x75B000C9+25]\n\tRtlGetAppContainerNamedObjectPath [0x77BB7B1E+286]\n\tRtlGetAppContainerNamedObjectPath [0x77BB7AEE+238]\n","trace":"org.openqa.selenium.SessionNotCreatedException: session not created: This version of ChromeDriver only supports Chrome version 110\nCurrent browser version is 115.0.5790.102 with binary path C:\\Program Files\\Google\\Chrome\\Application\\chrome.exe\nBuild info: version: '3.141.59', revision: 'e82be7d358', time: '2018-11-14T08:17:03'\nSystem info: host: 'DESKTOP-MVHKLV0', ip: '192.168.1.6', os.name: 'Windows 10', os.arch: 'amd64', os.version: '10.0', java.version: '17.0.8'\nDriver info: driver.version: ChromeDriver\nremote stacktrace: Backtrace:\n\t(No symbol) [0x004337D3]\n\t(No symbol) [0x003C8B81]\n\t(No symbol) [0x002CB36D]\n\t(No symbol) [0x002EED6D]\n\t(No symbol) [0x002E9B90]\n\t(No symbol) [0x002E6FC9]\n\t(No symbol) [0x00321ED5]\n\t(No symbol) [0x00321B2C]\n\t(No symbol) [0x0031B216]\n\t(No symbol) [0x002F0D97]\n\t(No symbol) [0x002F253D]\n\tGetHandleVerifier [0x006AABF2+2510930]\n\tGetHandleVerifier [0x006D8EC1+2700065]\n\tGetHandleVerifier [0x006DC86C+2714828]\n\tGetHandleVerifier [0x004E3480+645344]\n\t(No symbol) [0x003D0FD2]\n\t(No symbol) [0x003D6C68]\n\t(No symbol) [0x003D6D4B]\n\t(No symbol) [0x003E0D6B]\n\tBaseThreadInitThunk [0x75B000C9+25]\n\tRtlGetAppContainerNamedObjectPath [0x77BB7B1E+286]\n\tRtlGetAppContainerNamedObjectPath [0x77BB7AEE+238]\n\r\n\tat java.base/jdk.internal.reflect.NativeConstructorAccessorImpl.newInstance0(Native Method)\r\n\tat java.base/jdk.internal.reflect.NativeConstructorAccessorImpl.newInstance(NativeConstructorAccessorImpl.java:77)\r\n\tat java.base/jdk.internal.reflect.DelegatingConstructorAccessorImpl.newInstance(DelegatingConstructorAccessorImpl.java:45)\r\n\tat java.base/java.lang.reflect.Constructor.newInstanceWithCaller(Constructor.java:499)\r\n\tat java.base/java.lang.reflect.Constructor.newInstance(Constructor.java:480)\r\n\tat org.openqa.selenium.remote.W3CHandshakeResponse.lambda$errorHandler$0(W3CHandshakeResponse.java:62)\r\n\tat org.openqa.selenium.remote.HandshakeResponse.lambda$getResponseFunction$0(HandshakeResponse.java:30)\r\n\tat org.openqa.selenium.remote.ProtocolHandshake.lambda$createSession$0(ProtocolHandshake.java:126)\r\n\tat java.base/java.util.stream.ReferencePipeline$3$1.accept(ReferencePipeline.java:197)\r\n\tat java.base/java.util.Spliterators$ArraySpliterator.tryAdvance(Spliterators.java:1002)\r\n\tat java.base/java.util.stream.ReferencePipeline.forEachWithCancel(ReferencePipeline.java:129)\r\n\tat java.base/java.util.stream.AbstractPipeline.copyIntoWithCancel(AbstractPipeline.java:527)\r\n\tat java.base/java.util.stream.AbstractPipeline.copyInto(AbstractPipeline.java:513)\r\n\tat java.base/java.util.stream.AbstractPipeline.wrapAndCopyInto(AbstractPipeline.java:499)\r\n\tat java.base/java.util.stream.FindOps$FindOp.evaluateSequential(FindOps.java:150)\r\n\tat java.base/java.util.stream.AbstractPipeline.evaluate(AbstractPipeline.java:234)\r\n\tat java.base/java.util.stream.ReferencePipeline.findFirst(ReferencePipeline.java:647)\r\n\tat org.openqa.selenium.remote.ProtocolHandshake.createSession(ProtocolHandshake.java:128)\r\n\tat org.openqa.selenium.remote.ProtocolHandshake.createSession(ProtocolHandshake.java:74)\r\n\tat org.openqa.selenium.remote.HttpCommandExecutor.execute(HttpCommandExecutor.java:136)\r\n\tat org.openqa.selenium.remote.service.DriverCommandExecutor.execute(DriverCommandExecutor.java:83)\r\n\tat org.openqa.selenium.remote.RemoteWebDriver.execute(RemoteWebDriver.java:552)\r\n\tat org.openqa.selenium.remote.RemoteWebDriver.startSession(RemoteWebDriver.java:213)\r\n\tat org.openqa.selenium.remote.RemoteWebDriver.<init>(RemoteWebDriver.java:131)\r\n\tat org.openqa.selenium.chrome.ChromeDriver.<init>(ChromeDriver.java:181)\r\n\tat org.openqa.selenium.chrome.ChromeDriver.<init>(ChromeDriver.java:168)\r\n\tat org.openqa.selenium.chrome.ChromeDriver.<init>(ChromeDriver.java:123)\r\n\tat stepdefinition.Sales_TestScript.i_navigate_to_application_open_URl(Sales_TestScript.java:46)\r\n\tat ✽.I navigate to application open URl(file:src/test/resources/features/Sales.feature:32)\r\n"},"stage":"finished","steps":[],"attachments":[],"parameters":[],"start":1690400620553,"stop":1690400624292},{"name":"When  User Enter Username and Password By click on Login button","status":"skipped","statusDetails":{"known":false,"muted":false,"flaky":false},"stage":"finished","steps":[],"attachments":[],"parameters":[],"start":1690400624292,"stop":1690400624292},{"name":"Then  Login sucessfullY","status":"skipped","statusDetails":{"known":false,"muted":false,"flaky":false},"stage":"finished","steps":[],"attachments":[],"parameters":[],"start":1690400624292,"stop":1690400624293},{"name":"And  User is in VtigerCRM home page","status":"skipped","statusDetails":{"known":false,"muted":false,"flaky":false},"stage":"finished","steps":[],"attachments":[],"parameters":[],"start":1690400624294,"stop":1690400624294},{"name":"And  User has click on Sales tab","status":"skipped","statusDetails":{"known":false,"muted":false,"flaky":false},"stage":"finished","steps":[],"attachments":[],"parameters":[],"start":1690400624294,"stop":1690400624294},{"name":"And  User has click on Accounts tab","status":"skipped","statusDetails":{"known":false,"muted":false,"flaky":false},"stage":"finished","steps":[],"attachments":[],"parameters":[],"start":1690400624294,"stop":1690400624295},{"name":"And  User verify the Creating Accounts in Sales by click on Save button","status":"skipped","statusDetails":{"known":false,"muted":false,"flaky":false},"stage":"finished","steps":[],"attachments":[],"parameters":[],"start":1690400624295,"stop":1690400624295}],"attachments":[],"parameters":[],"start":1690400620550,"stop":1690400624297,"uuid":"035e1766-099c-469a-bd58-669cf0b6ab66","historyId":"8831388ce10b218c662122b6ae0e7458","fullName":"Validating Sales page: verify the Vtiger Sales_Accounts Pages","labels":[{"name":"tag","value":"Regression"},{"name":"tag","value":"Verify_Sales_Accounts"},{"name":"tag","value":"TC_001"},{"name":"host","value":"DESKTOP-MVHKLV0"},{"name":"thread","value":"1744@DESKTOP-MVHKLV0.main(1)"},{"name":"feature","value":"Validating Sales page"},{"name":"story","value":"verify the Vtiger Sales_Accounts Pages"},{"name":"package","value":"src.test.resources.features.Validating Sales page"},{"name":"suite","value":"Validating Sales page"},{"name":"testClass","value":"verify the Vtiger Sales_Accounts Pages"},{"name":"framework","value":"cucumber4jvm"},{"name":"language","value":"java"},{"name":"gherkin_uri","value":"file:src/test/resources/features/Sales.feature"}],"links":[]}