{"name":"verify the Vtiger Login Page","status":"broken","statusDetails":{"known":false,"muted":false,"flaky":false,"message":"session not created: This version of ChromeDriver only supports Chrome version 116\nCurrent browser version is 118.0.5993.71 with binary path C:\\Program Files\\Google\\Chrome\\Application\\chrome.exe\nBuild info: version: '3.141.59', revision: 'e82be7d358', time: '2018-11-14T08:17:03'\nSystem info: host: 'DESKTOP-MVHKLV0', ip: '192.168.1.10', os.name: 'Windows 11', os.arch: 'amd64', os.version: '10.0', java.version: '17.0.8'\nDriver info: driver.version: ChromeDriver\nremote stacktrace: \tGetHandleVerifier [0x00D537C3+48947]\n\t(No symbol) [0x00CE8551]\n\t(No symbol) [0x00BEC92D]\n\t(No symbol) [0x00C0F180]\n\t(No symbol) [0x00C0B178]\n\t(No symbol) [0x00C0950E]\n\t(No symbol) [0x00C3B840]\n\t(No symbol) [0x00C3B3CC]\n\t(No symbol) [0x00C34E86]\n\t(No symbol) [0x00C116C7]\n\t(No symbol) [0x00C1284D]\n\tGetHandleVerifier [0x00F9FDF9+2458985]\n\tGetHandleVerifier [0x00FE744F+2751423]\n\tGetHandleVerifier [0x00FE1361+2726609]\n\tGetHandleVerifier [0x00DD0680+560624]\n\t(No symbol) [0x00CF238C]\n\t(No symbol) [0x00CEE268]\n\t(No symbol) [0x00CEE392]\n\t(No symbol) [0x00CE10B7]\n\tBaseThreadInitThunk [0x75FA7BA9+25]\n\tRtlInitializeExceptionChain [0x777BBD3B+107]\n\tRtlClearBits [0x777BBCBF+191]\n","trace":"org.openqa.selenium.SessionNotCreatedException: session not created: This version of ChromeDriver only supports Chrome version 116\nCurrent browser version is 118.0.5993.71 with binary path C:\\Program Files\\Google\\Chrome\\Application\\chrome.exe\nBuild info: version: '3.141.59', revision: 'e82be7d358', time: '2018-11-14T08:17:03'\nSystem info: host: 'DESKTOP-MVHKLV0', ip: '192.168.1.10', os.name: 'Windows 11', os.arch: 'amd64', os.version: '10.0', java.version: '17.0.8'\nDriver info: driver.version: ChromeDriver\nremote stacktrace: \tGetHandleVerifier [0x00D537C3+48947]\n\t(No symbol) [0x00CE8551]\n\t(No symbol) [0x00BEC92D]\n\t(No symbol) [0x00C0F180]\n\t(No symbol) [0x00C0B178]\n\t(No symbol) [0x00C0950E]\n\t(No symbol) [0x00C3B840]\n\t(No symbol) [0x00C3B3CC]\n\t(No symbol) [0x00C34E86]\n\t(No symbol) [0x00C116C7]\n\t(No symbol) [0x00C1284D]\n\tGetHandleVerifier [0x00F9FDF9+2458985]\n\tGetHandleVerifier [0x00FE744F+2751423]\n\tGetHandleVerifier [0x00FE1361+2726609]\n\tGetHandleVerifier [0x00DD0680+560624]\n\t(No symbol) [0x00CF238C]\n\t(No symbol) [0x00CEE268]\n\t(No symbol) [0x00CEE392]\n\t(No symbol) [0x00CE10B7]\n\tBaseThreadInitThunk [0x75FA7BA9+25]\n\tRtlInitializeExceptionChain [0x777BBD3B+107]\n\tRtlClearBits [0x777BBCBF+191]\n\r\n\tat java.base/jdk.internal.reflect.NativeConstructorAccessorImpl.newInstance0(Native Method)\r\n\tat java.base/jdk.internal.reflect.NativeConstructorAccessorImpl.newInstance(NativeConstructorAccessorImpl.java:77)\r\n\tat java.base/jdk.internal.reflect.DelegatingConstructorAccessorImpl.newInstance(DelegatingConstructorAccessorImpl.java:45)\r\n\tat java.base/java.lang.reflect.Constructor.newInstanceWithCaller(Constructor.java:499)\r\n\tat java.base/java.lang.reflect.Constructor.newInstance(Constructor.java:480)\r\n\tat org.openqa.selenium.remote.W3CHandshakeResponse.lambda$errorHandler$0(W3CHandshakeResponse.java:62)\r\n\tat org.openqa.selenium.remote.HandshakeResponse.lambda$getResponseFunction$0(HandshakeResponse.java:30)\r\n\tat org.openqa.selenium.remote.ProtocolHandshake.lambda$createSession$0(ProtocolHandshake.java:126)\r\n\tat java.base/java.util.stream.ReferencePipeline$3$1.accept(ReferencePipeline.java:197)\r\n\tat java.base/java.util.Spliterators$ArraySpliterator.tryAdvance(Spliterators.java:1002)\r\n\tat java.base/java.util.stream.ReferencePipeline.forEachWithCancel(ReferencePipeline.java:129)\r\n\tat java.base/java.util.stream.AbstractPipeline.copyIntoWithCancel(AbstractPipeline.java:527)\r\n\tat java.base/java.util.stream.AbstractPipeline.copyInto(AbstractPipeline.java:513)\r\n\tat java.base/java.util.stream.AbstractPipeline.wrapAndCopyInto(AbstractPipeline.java:499)\r\n\tat java.base/java.util.stream.FindOps$FindOp.evaluateSequential(FindOps.java:150)\r\n\tat java.base/java.util.stream.AbstractPipeline.evaluate(AbstractPipeline.java:234)\r\n\tat java.base/java.util.stream.ReferencePipeline.findFirst(ReferencePipeline.java:647)\r\n\tat org.openqa.selenium.remote.ProtocolHandshake.createSession(ProtocolHandshake.java:128)\r\n\tat org.openqa.selenium.remote.ProtocolHandshake.createSession(ProtocolHandshake.java:74)\r\n\tat org.openqa.selenium.remote.HttpCommandExecutor.execute(HttpCommandExecutor.java:136)\r\n\tat org.openqa.selenium.remote.service.DriverCommandExecutor.execute(DriverCommandExecutor.java:83)\r\n\tat org.openqa.selenium.remote.RemoteWebDriver.execute(RemoteWebDriver.java:552)\r\n\tat org.openqa.selenium.remote.RemoteWebDriver.startSession(RemoteWebDriver.java:213)\r\n\tat org.openqa.selenium.remote.RemoteWebDriver.<init>(RemoteWebDriver.java:131)\r\n\tat org.openqa.selenium.chrome.ChromeDriver.<init>(ChromeDriver.java:181)\r\n\tat org.openqa.selenium.chrome.ChromeDriver.<init>(ChromeDriver.java:168)\r\n\tat org.openqa.selenium.chrome.ChromeDriver.<init>(ChromeDriver.java:123)\r\n\tat stepdefinition.Inventory_TestScript.i_navigate_to_application_open_UrL(Inventory_TestScript.java:36)\r\n\tat ✽.I navigate to application open UrL(file:src/test/resources/features/Inventory.feature:28)\r\n"},"stage":"finished","steps":[{"name":"Given  I navigate to application open UrL","status":"broken","statusDetails":{"known":false,"muted":false,"flaky":false,"message":"session not created: This version of ChromeDriver only supports Chrome version 116\nCurrent browser version is 118.0.5993.71 with binary path C:\\Program Files\\Google\\Chrome\\Application\\chrome.exe\nBuild info: version: '3.141.59', revision: 'e82be7d358', time: '2018-11-14T08:17:03'\nSystem info: host: 'DESKTOP-MVHKLV0', ip: '192.168.1.10', os.name: 'Windows 11', os.arch: 'amd64', os.version: '10.0', java.version: '17.0.8'\nDriver info: driver.version: ChromeDriver\nremote stacktrace: \tGetHandleVerifier [0x00D537C3+48947]\n\t(No symbol) [0x00CE8551]\n\t(No symbol) [0x00BEC92D]\n\t(No symbol) [0x00C0F180]\n\t(No symbol) [0x00C0B178]\n\t(No symbol) [0x00C0950E]\n\t(No symbol) [0x00C3B840]\n\t(No symbol) [0x00C3B3CC]\n\t(No symbol) [0x00C34E86]\n\t(No symbol) [0x00C116C7]\n\t(No symbol) [0x00C1284D]\n\tGetHandleVerifier [0x00F9FDF9+2458985]\n\tGetHandleVerifier [0x00FE744F+2751423]\n\tGetHandleVerifier [0x00FE1361+2726609]\n\tGetHandleVerifier [0x00DD0680+560624]\n\t(No symbol) [0x00CF238C]\n\t(No symbol) [0x00CEE268]\n\t(No symbol) [0x00CEE392]\n\t(No symbol) [0x00CE10B7]\n\tBaseThreadInitThunk [0x75FA7BA9+25]\n\tRtlInitializeExceptionChain [0x777BBD3B+107]\n\tRtlClearBits [0x777BBCBF+191]\n","trace":"org.openqa.selenium.SessionNotCreatedException: session not created: This version of ChromeDriver only supports Chrome version 116\nCurrent browser version is 118.0.5993.71 with binary path C:\\Program Files\\Google\\Chrome\\Application\\chrome.exe\nBuild info: version: '3.141.59', revision: 'e82be7d358', time: '2018-11-14T08:17:03'\nSystem info: host: 'DESKTOP-MVHKLV0', ip: '192.168.1.10', os.name: 'Windows 11', os.arch: 'amd64', os.version: '10.0', java.version: '17.0.8'\nDriver info: driver.version: ChromeDriver\nremote stacktrace: \tGetHandleVerifier [0x00D537C3+48947]\n\t(No symbol) [0x00CE8551]\n\t(No symbol) [0x00BEC92D]\n\t(No symbol) [0x00C0F180]\n\t(No symbol) [0x00C0B178]\n\t(No symbol) [0x00C0950E]\n\t(No symbol) [0x00C3B840]\n\t(No symbol) [0x00C3B3CC]\n\t(No symbol) [0x00C34E86]\n\t(No symbol) [0x00C116C7]\n\t(No symbol) [0x00C1284D]\n\tGetHandleVerifier [0x00F9FDF9+2458985]\n\tGetHandleVerifier [0x00FE744F+2751423]\n\tGetHandleVerifier [0x00FE1361+2726609]\n\tGetHandleVerifier [0x00DD0680+560624]\n\t(No symbol) [0x00CF238C]\n\t(No symbol) [0x00CEE268]\n\t(No symbol) [0x00CEE392]\n\t(No symbol) [0x00CE10B7]\n\tBaseThreadInitThunk [0x75FA7BA9+25]\n\tRtlInitializeExceptionChain [0x777BBD3B+107]\n\tRtlClearBits [0x777BBCBF+191]\n\r\n\tat java.base/jdk.internal.reflect.NativeConstructorAccessorImpl.newInstance0(Native Method)\r\n\tat java.base/jdk.internal.reflect.NativeConstructorAccessorImpl.newInstance(NativeConstructorAccessorImpl.java:77)\r\n\tat java.base/jdk.internal.reflect.DelegatingConstructorAccessorImpl.newInstance(DelegatingConstructorAccessorImpl.java:45)\r\n\tat java.base/java.lang.reflect.Constructor.newInstanceWithCaller(Constructor.java:499)\r\n\tat java.base/java.lang.reflect.Constructor.newInstance(Constructor.java:480)\r\n\tat org.openqa.selenium.remote.W3CHandshakeResponse.lambda$errorHandler$0(W3CHandshakeResponse.java:62)\r\n\tat org.openqa.selenium.remote.HandshakeResponse.lambda$getResponseFunction$0(HandshakeResponse.java:30)\r\n\tat org.openqa.selenium.remote.ProtocolHandshake.lambda$createSession$0(ProtocolHandshake.java:126)\r\n\tat java.base/java.util.stream.ReferencePipeline$3$1.accept(ReferencePipeline.java:197)\r\n\tat java.base/java.util.Spliterators$ArraySpliterator.tryAdvance(Spliterators.java:1002)\r\n\tat java.base/java.util.stream.ReferencePipeline.forEachWithCancel(ReferencePipeline.java:129)\r\n\tat java.base/java.util.stream.AbstractPipeline.copyIntoWithCancel(AbstractPipeline.java:527)\r\n\tat java.base/java.util.stream.AbstractPipeline.copyInto(AbstractPipeline.java:513)\r\n\tat java.base/java.util.stream.AbstractPipeline.wrapAndCopyInto(AbstractPipeline.java:499)\r\n\tat java.base/java.util.stream.FindOps$FindOp.evaluateSequential(FindOps.java:150)\r\n\tat java.base/java.util.stream.AbstractPipeline.evaluate(AbstractPipeline.java:234)\r\n\tat java.base/java.util.stream.ReferencePipeline.findFirst(ReferencePipeline.java:647)\r\n\tat org.openqa.selenium.remote.ProtocolHandshake.createSession(ProtocolHandshake.java:128)\r\n\tat org.openqa.selenium.remote.ProtocolHandshake.createSession(ProtocolHandshake.java:74)\r\n\tat org.openqa.selenium.remote.HttpCommandExecutor.execute(HttpCommandExecutor.java:136)\r\n\tat org.openqa.selenium.remote.service.DriverCommandExecutor.execute(DriverCommandExecutor.java:83)\r\n\tat org.openqa.selenium.remote.RemoteWebDriver.execute(RemoteWebDriver.java:552)\r\n\tat org.openqa.selenium.remote.RemoteWebDriver.startSession(RemoteWebDriver.java:213)\r\n\tat org.openqa.selenium.remote.RemoteWebDriver.<init>(RemoteWebDriver.java:131)\r\n\tat org.openqa.selenium.chrome.ChromeDriver.<init>(ChromeDriver.java:181)\r\n\tat org.openqa.selenium.chrome.ChromeDriver.<init>(ChromeDriver.java:168)\r\n\tat org.openqa.selenium.chrome.ChromeDriver.<init>(ChromeDriver.java:123)\r\n\tat stepdefinition.Inventory_TestScript.i_navigate_to_application_open_UrL(Inventory_TestScript.java:36)\r\n\tat ✽.I navigate to application open UrL(file:src/test/resources/features/Inventory.feature:28)\r\n"},"stage":"finished","steps":[],"attachments":[],"parameters":[],"start":1697649921000,"stop":1697649922560},{"name":"When  user Enter Username and Password by click on login Button","status":"skipped","statusDetails":{"known":false,"muted":false,"flaky":false},"stage":"finished","steps":[],"attachments":[],"parameters":[],"start":1697649922562,"stop":1697649922563},{"name":"Then  login sucessfully","status":"skipped","statusDetails":{"known":false,"muted":false,"flaky":false},"stage":"finished","steps":[],"attachments":[],"parameters":[],"start":1697649922563,"stop":1697649922563},{"name":"And  user is in VtigerCRM Home page","status":"skipped","statusDetails":{"known":false,"muted":false,"flaky":false},"stage":"finished","steps":[],"attachments":[],"parameters":[],"start":1697649922564,"stop":1697649922564},{"name":"And  User has verify on Inventory tab","status":"skipped","statusDetails":{"known":false,"muted":false,"flaky":false},"stage":"finished","steps":[],"attachments":[],"parameters":[],"start":1697649922564,"stop":1697649922564},{"name":"And  User has click on Invoice tab","status":"skipped","statusDetails":{"known":false,"muted":false,"flaky":false},"stage":"finished","steps":[],"attachments":[],"parameters":[],"start":1697649922564,"stop":1697649922564},{"name":"And  User verify the Creating New Invoice \"TestInvoice\",\"IBM\" in Inventory by click on Save button","status":"skipped","statusDetails":{"known":false,"muted":false,"flaky":false},"stage":"finished","steps":[],"attachments":[],"parameters":[],"start":1697649922565,"stop":1697649922565}],"attachments":[],"parameters":[{"name":"Subject","value":"TestInvoice"},{"name":"AccountName","value":"IBM"}],"start":1697649920995,"stop":1697649922565,"uuid":"3c66c40a-c0b7-420c-9ca1-dd6d3de1cc84","historyId":"81ccbfbd2c913f5be5b96a0d735f81b","fullName":"Validating Inventory page: verify the Vtiger Login Page","labels":[{"name":"tag","value":"Regression"},{"name":"tag","value":"Inventory3"},{"name":"tag","value":"TC_002"},{"name":"host","value":"DESKTOP-MVHKLV0"},{"name":"thread","value":"11360@DESKTOP-MVHKLV0.main(1)"},{"name":"feature","value":"Validating Inventory page"},{"name":"story","value":"verify the Vtiger Login Page"},{"name":"package","value":"src.test.resources.features.Validating Inventory page"},{"name":"suite","value":"Validating Inventory page"},{"name":"testClass","value":"verify the Vtiger Login Page"},{"name":"framework","value":"cucumber4jvm"},{"name":"language","value":"java"},{"name":"gherkin_uri","value":"file:src/test/resources/features/Inventory.feature"}],"links":[]}