{"name":"verify the Vtiger Login Page","status":"broken","statusDetails":{"known":false,"muted":false,"flaky":false,"message":"session not created: This version of ChromeDriver only supports Chrome version 108\nCurrent browser version is 110.0.5481.178 with binary path C:\\Program Files\\Google\\Chrome\\Application\\chrome.exe\nBuild info: version: '3.141.59', revision: 'e82be7d358', time: '2018-11-14T08:17:03'\nSystem info: host: 'DESKTOP-429CCB1', ip: '192.168.1.13', os.name: 'Windows 10', os.arch: 'amd64', os.version: '10.0', java.version: '17.0.4.1'\nDriver info: driver.version: ChromeDriver\nremote stacktrace: Backtrace:\n\t(No symbol) [0x006DF243]\n\t(No symbol) [0x00667FD1]\n\t(No symbol) [0x0055D04D]\n\t(No symbol) [0x0057F6B4]\n\t(No symbol) [0x0057A97C]\n\t(No symbol) [0x005782E9]\n\t(No symbol) [0x005AF056]\n\t(No symbol) [0x005AEB2A]\n\t(No symbol) [0x005A8386]\n\t(No symbol) [0x0058163C]\n\t(No symbol) [0x0058269D]\n\tGetHandleVerifier [0x00979A22+2655074]\n\tGetHandleVerifier [0x0096CA24+2601828]\n\tGetHandleVerifier [0x00788C0A+619850]\n\tGetHandleVerifier [0x00787830+614768]\n\t(No symbol) [0x006705FC]\n\t(No symbol) [0x00675968]\n\t(No symbol) [0x00675A55]\n\t(No symbol) [0x0068051B]\n\tBaseThreadInitThunk [0x764A00F9+25]\n\tRtlGetAppContainerNamedObjectPath [0x778A7BBE+286]\n\tRtlGetAppContainerNamedObjectPath [0x778A7B8E+238]\n","trace":"org.openqa.selenium.SessionNotCreatedException: session not created: This version of ChromeDriver only supports Chrome version 108\nCurrent browser version is 110.0.5481.178 with binary path C:\\Program Files\\Google\\Chrome\\Application\\chrome.exe\nBuild info: version: '3.141.59', revision: 'e82be7d358', time: '2018-11-14T08:17:03'\nSystem info: host: 'DESKTOP-429CCB1', ip: '192.168.1.13', os.name: 'Windows 10', os.arch: 'amd64', os.version: '10.0', java.version: '17.0.4.1'\nDriver info: driver.version: ChromeDriver\nremote stacktrace: Backtrace:\n\t(No symbol) [0x006DF243]\n\t(No symbol) [0x00667FD1]\n\t(No symbol) [0x0055D04D]\n\t(No symbol) [0x0057F6B4]\n\t(No symbol) [0x0057A97C]\n\t(No symbol) [0x005782E9]\n\t(No symbol) [0x005AF056]\n\t(No symbol) [0x005AEB2A]\n\t(No symbol) [0x005A8386]\n\t(No symbol) [0x0058163C]\n\t(No symbol) [0x0058269D]\n\tGetHandleVerifier [0x00979A22+2655074]\n\tGetHandleVerifier [0x0096CA24+2601828]\n\tGetHandleVerifier [0x00788C0A+619850]\n\tGetHandleVerifier [0x00787830+614768]\n\t(No symbol) [0x006705FC]\n\t(No symbol) [0x00675968]\n\t(No symbol) [0x00675A55]\n\t(No symbol) [0x0068051B]\n\tBaseThreadInitThunk [0x764A00F9+25]\n\tRtlGetAppContainerNamedObjectPath [0x778A7BBE+286]\n\tRtlGetAppContainerNamedObjectPath [0x778A7B8E+238]\n\r\n\tat java.base/jdk.internal.reflect.NativeConstructorAccessorImpl.newInstance0(Native Method)\r\n\tat java.base/jdk.internal.reflect.NativeConstructorAccessorImpl.newInstance(NativeConstructorAccessorImpl.java:77)\r\n\tat java.base/jdk.internal.reflect.DelegatingConstructorAccessorImpl.newInstance(DelegatingConstructorAccessorImpl.java:45)\r\n\tat java.base/java.lang.reflect.Constructor.newInstanceWithCaller(Constructor.java:499)\r\n\tat java.base/java.lang.reflect.Constructor.newInstance(Constructor.java:480)\r\n\tat org.openqa.selenium.remote.W3CHandshakeResponse.lambda$errorHandler$0(W3CHandshakeResponse.java:62)\r\n\tat org.openqa.selenium.remote.HandshakeResponse.lambda$getResponseFunction$0(HandshakeResponse.java:30)\r\n\tat org.openqa.selenium.remote.ProtocolHandshake.lambda$createSession$0(ProtocolHandshake.java:126)\r\n\tat java.base/java.util.stream.ReferencePipeline$3$1.accept(ReferencePipeline.java:197)\r\n\tat java.base/java.util.Spliterators$ArraySpliterator.tryAdvance(Spliterators.java:1002)\r\n\tat java.base/java.util.stream.ReferencePipeline.forEachWithCancel(ReferencePipeline.java:129)\r\n\tat java.base/java.util.stream.AbstractPipeline.copyIntoWithCancel(AbstractPipeline.java:527)\r\n\tat java.base/java.util.stream.AbstractPipeline.copyInto(AbstractPipeline.java:513)\r\n\tat java.base/java.util.stream.AbstractPipeline.wrapAndCopyInto(AbstractPipeline.java:499)\r\n\tat java.base/java.util.stream.FindOps$FindOp.evaluateSequential(FindOps.java:150)\r\n\tat java.base/java.util.stream.AbstractPipeline.evaluate(AbstractPipeline.java:234)\r\n\tat java.base/java.util.stream.ReferencePipeline.findFirst(ReferencePipeline.java:647)\r\n\tat org.openqa.selenium.remote.ProtocolHandshake.createSession(ProtocolHandshake.java:128)\r\n\tat org.openqa.selenium.remote.ProtocolHandshake.createSession(ProtocolHandshake.java:74)\r\n\tat org.openqa.selenium.remote.HttpCommandExecutor.execute(HttpCommandExecutor.java:136)\r\n\tat org.openqa.selenium.remote.service.DriverCommandExecutor.execute(DriverCommandExecutor.java:83)\r\n\tat org.openqa.selenium.remote.RemoteWebDriver.execute(RemoteWebDriver.java:552)\r\n\tat org.openqa.selenium.remote.RemoteWebDriver.startSession(RemoteWebDriver.java:213)\r\n\tat org.openqa.selenium.remote.RemoteWebDriver.<init>(RemoteWebDriver.java:131)\r\n\tat org.openqa.selenium.chrome.ChromeDriver.<init>(ChromeDriver.java:181)\r\n\tat org.openqa.selenium.chrome.ChromeDriver.<init>(ChromeDriver.java:168)\r\n\tat org.openqa.selenium.chrome.ChromeDriver.<init>(ChromeDriver.java:123)\r\n\tat stepdefinition.Sales_TestScript.i_navigate_to_application_open_URl(Sales_TestScript.java:46)\r\n\tat ✽.I navigate to application open URl(file:src/test/resources/features/Sales.feature:19)\r\n"},"stage":"finished","steps":[{"name":"Given  I navigate to application open URl","status":"broken","statusDetails":{"known":false,"muted":false,"flaky":false,"message":"session not created: This version of ChromeDriver only supports Chrome version 108\nCurrent browser version is 110.0.5481.178 with binary path C:\\Program Files\\Google\\Chrome\\Application\\chrome.exe\nBuild info: version: '3.141.59', revision: 'e82be7d358', time: '2018-11-14T08:17:03'\nSystem info: host: 'DESKTOP-429CCB1', ip: '192.168.1.13', os.name: 'Windows 10', os.arch: 'amd64', os.version: '10.0', java.version: '17.0.4.1'\nDriver info: driver.version: ChromeDriver\nremote stacktrace: Backtrace:\n\t(No symbol) [0x006DF243]\n\t(No symbol) [0x00667FD1]\n\t(No symbol) [0x0055D04D]\n\t(No symbol) [0x0057F6B4]\n\t(No symbol) [0x0057A97C]\n\t(No symbol) [0x005782E9]\n\t(No symbol) [0x005AF056]\n\t(No symbol) [0x005AEB2A]\n\t(No symbol) [0x005A8386]\n\t(No symbol) [0x0058163C]\n\t(No symbol) [0x0058269D]\n\tGetHandleVerifier [0x00979A22+2655074]\n\tGetHandleVerifier [0x0096CA24+2601828]\n\tGetHandleVerifier [0x00788C0A+619850]\n\tGetHandleVerifier [0x00787830+614768]\n\t(No symbol) [0x006705FC]\n\t(No symbol) [0x00675968]\n\t(No symbol) [0x00675A55]\n\t(No symbol) [0x0068051B]\n\tBaseThreadInitThunk [0x764A00F9+25]\n\tRtlGetAppContainerNamedObjectPath [0x778A7BBE+286]\n\tRtlGetAppContainerNamedObjectPath [0x778A7B8E+238]\n","trace":"org.openqa.selenium.SessionNotCreatedException: session not created: This version of ChromeDriver only supports Chrome version 108\nCurrent browser version is 110.0.5481.178 with binary path C:\\Program Files\\Google\\Chrome\\Application\\chrome.exe\nBuild info: version: '3.141.59', revision: 'e82be7d358', time: '2018-11-14T08:17:03'\nSystem info: host: 'DESKTOP-429CCB1', ip: '192.168.1.13', os.name: 'Windows 10', os.arch: 'amd64', os.version: '10.0', java.version: '17.0.4.1'\nDriver info: driver.version: ChromeDriver\nremote stacktrace: Backtrace:\n\t(No symbol) [0x006DF243]\n\t(No symbol) [0x00667FD1]\n\t(No symbol) [0x0055D04D]\n\t(No symbol) [0x0057F6B4]\n\t(No symbol) [0x0057A97C]\n\t(No symbol) [0x005782E9]\n\t(No symbol) [0x005AF056]\n\t(No symbol) [0x005AEB2A]\n\t(No symbol) [0x005A8386]\n\t(No symbol) [0x0058163C]\n\t(No symbol) [0x0058269D]\n\tGetHandleVerifier [0x00979A22+2655074]\n\tGetHandleVerifier [0x0096CA24+2601828]\n\tGetHandleVerifier [0x00788C0A+619850]\n\tGetHandleVerifier [0x00787830+614768]\n\t(No symbol) [0x006705FC]\n\t(No symbol) [0x00675968]\n\t(No symbol) [0x00675A55]\n\t(No symbol) [0x0068051B]\n\tBaseThreadInitThunk [0x764A00F9+25]\n\tRtlGetAppContainerNamedObjectPath [0x778A7BBE+286]\n\tRtlGetAppContainerNamedObjectPath [0x778A7B8E+238]\n\r\n\tat java.base/jdk.internal.reflect.NativeConstructorAccessorImpl.newInstance0(Native Method)\r\n\tat java.base/jdk.internal.reflect.NativeConstructorAccessorImpl.newInstance(NativeConstructorAccessorImpl.java:77)\r\n\tat java.base/jdk.internal.reflect.DelegatingConstructorAccessorImpl.newInstance(DelegatingConstructorAccessorImpl.java:45)\r\n\tat java.base/java.lang.reflect.Constructor.newInstanceWithCaller(Constructor.java:499)\r\n\tat java.base/java.lang.reflect.Constructor.newInstance(Constructor.java:480)\r\n\tat org.openqa.selenium.remote.W3CHandshakeResponse.lambda$errorHandler$0(W3CHandshakeResponse.java:62)\r\n\tat org.openqa.selenium.remote.HandshakeResponse.lambda$getResponseFunction$0(HandshakeResponse.java:30)\r\n\tat org.openqa.selenium.remote.ProtocolHandshake.lambda$createSession$0(ProtocolHandshake.java:126)\r\n\tat java.base/java.util.stream.ReferencePipeline$3$1.accept(ReferencePipeline.java:197)\r\n\tat java.base/java.util.Spliterators$ArraySpliterator.tryAdvance(Spliterators.java:1002)\r\n\tat java.base/java.util.stream.ReferencePipeline.forEachWithCancel(ReferencePipeline.java:129)\r\n\tat java.base/java.util.stream.AbstractPipeline.copyIntoWithCancel(AbstractPipeline.java:527)\r\n\tat java.base/java.util.stream.AbstractPipeline.copyInto(AbstractPipeline.java:513)\r\n\tat java.base/java.util.stream.AbstractPipeline.wrapAndCopyInto(AbstractPipeline.java:499)\r\n\tat java.base/java.util.stream.FindOps$FindOp.evaluateSequential(FindOps.java:150)\r\n\tat java.base/java.util.stream.AbstractPipeline.evaluate(AbstractPipeline.java:234)\r\n\tat java.base/java.util.stream.ReferencePipeline.findFirst(ReferencePipeline.java:647)\r\n\tat org.openqa.selenium.remote.ProtocolHandshake.createSession(ProtocolHandshake.java:128)\r\n\tat org.openqa.selenium.remote.ProtocolHandshake.createSession(ProtocolHandshake.java:74)\r\n\tat org.openqa.selenium.remote.HttpCommandExecutor.execute(HttpCommandExecutor.java:136)\r\n\tat org.openqa.selenium.remote.service.DriverCommandExecutor.execute(DriverCommandExecutor.java:83)\r\n\tat org.openqa.selenium.remote.RemoteWebDriver.execute(RemoteWebDriver.java:552)\r\n\tat org.openqa.selenium.remote.RemoteWebDriver.startSession(RemoteWebDriver.java:213)\r\n\tat org.openqa.selenium.remote.RemoteWebDriver.<init>(RemoteWebDriver.java:131)\r\n\tat org.openqa.selenium.chrome.ChromeDriver.<init>(ChromeDriver.java:181)\r\n\tat org.openqa.selenium.chrome.ChromeDriver.<init>(ChromeDriver.java:168)\r\n\tat org.openqa.selenium.chrome.ChromeDriver.<init>(ChromeDriver.java:123)\r\n\tat stepdefinition.Sales_TestScript.i_navigate_to_application_open_URl(Sales_TestScript.java:46)\r\n\tat ✽.I navigate to application open URl(file:src/test/resources/features/Sales.feature:19)\r\n"},"stage":"finished","steps":[],"attachments":[],"parameters":[],"start":1678196686151,"stop":1678196707744},{"name":"When  User Enter Username and Password By click on Login button","status":"skipped","statusDetails":{"known":false,"muted":false,"flaky":false},"stage":"finished","steps":[],"attachments":[],"parameters":[],"start":1678196707746,"stop":1678196707747},{"name":"Then  Login sucessfullY","status":"skipped","statusDetails":{"known":false,"muted":false,"flaky":false},"stage":"finished","steps":[],"attachments":[],"parameters":[],"start":1678196707747,"stop":1678196707748},{"name":"And  User is in VtigerCRM home page","status":"skipped","statusDetails":{"known":false,"muted":false,"flaky":false},"stage":"finished","steps":[],"attachments":[],"parameters":[],"start":1678196707749,"stop":1678196707749},{"name":"And  User has click on Sales tab","status":"skipped","statusDetails":{"known":false,"muted":false,"flaky":false},"stage":"finished","steps":[],"attachments":[],"parameters":[],"start":1678196707750,"stop":1678196707750},{"name":"And  User has click on Leads tab","status":"skipped","statusDetails":{"known":false,"muted":false,"flaky":false},"stage":"finished","steps":[],"attachments":[],"parameters":[],"start":1678196707750,"stop":1678196707751},{"name":"And  User verify the Creating Leads in Sales by click on Save button","status":"skipped","statusDetails":{"known":false,"muted":false,"flaky":false},"stage":"finished","steps":[],"attachments":[],"parameters":[],"start":1678196707751,"stop":1678196707751},{"name":"And  User verify the checked AllCheck List in Sales page","status":"skipped","statusDetails":{"known":false,"muted":false,"flaky":false},"stage":"finished","steps":[],"attachments":[],"parameters":[],"start":1678196707752,"stop":1678196707752},{"name":"And  User verify and Select checklist in Sales page","status":"skipped","statusDetails":{"known":false,"muted":false,"flaky":false},"stage":"finished","steps":[],"attachments":[],"parameters":[],"start":1678196707753,"stop":1678196707753},{"name":"And  User has click on Sendmail Tab","status":"skipped","statusDetails":{"known":false,"muted":false,"flaky":false},"stage":"finished","steps":[],"attachments":[],"parameters":[],"start":1678196707753,"stop":1678196707754}],"attachments":[],"parameters":[],"start":1678196686146,"stop":1678196707758,"uuid":"67613cb0-187a-4a5f-a29e-033c1e49f7e9","historyId":"60083a6a3f57724890d747a167805c83","fullName":"Validating Sales page: verify the Vtiger Login Page","labels":[{"name":"tag","value":"Regression"},{"name":"tag","value":"Verify_Sales_SendMails"},{"name":"tag","value":"TC_002"},{"name":"host","value":"DESKTOP-429CCB1"},{"name":"thread","value":"3960@DESKTOP-429CCB1.main(1)"},{"name":"feature","value":"Validating Sales page"},{"name":"story","value":"verify the Vtiger Login Page"},{"name":"package","value":"src.test.resources.features.Validating Sales page"},{"name":"suite","value":"Validating Sales page"},{"name":"testClass","value":"verify the Vtiger Login Page"},{"name":"framework","value":"cucumber4jvm"},{"name":"language","value":"java"},{"name":"gherkin_uri","value":"file:src/test/resources/features/Sales.feature"}],"links":[]}