{"name":"verify the Vtiger Login Page","status":"broken","statusDetails":{"known":false,"muted":false,"flaky":false,"message":"session not created: This version of ChromeDriver only supports Chrome version 116\nCurrent browser version is 119.0.6045.106 with binary path C:\\Program Files\\Google\\Chrome\\Application\\chrome.exe\nBuild info: version: '3.141.59', revision: 'e82be7d358', time: '2018-11-14T08:17:03'\nSystem info: host: 'DESKTOP-MVHKLV0', ip: '192.168.1.5', os.name: 'Windows 11', os.arch: 'amd64', os.version: '10.0', java.version: '17.0.8'\nDriver info: driver.version: ChromeDriver\nremote stacktrace: \tGetHandleVerifier [0x009B37C3+48947]\n\t(No symbol) [0x00948551]\n\t(No symbol) [0x0084C92D]\n\t(No symbol) [0x0086F180]\n\t(No symbol) [0x0086B178]\n\t(No symbol) [0x0086950E]\n\t(No symbol) [0x0089B840]\n\t(No symbol) [0x0089B3CC]\n\t(No symbol) [0x00894E86]\n\t(No symbol) [0x008716C7]\n\t(No symbol) [0x0087284D]\n\tGetHandleVerifier [0x00BFFDF9+2458985]\n\tGetHandleVerifier [0x00C4744F+2751423]\n\tGetHandleVerifier [0x00C41361+2726609]\n\tGetHandleVerifier [0x00A30680+560624]\n\t(No symbol) [0x0095238C]\n\t(No symbol) [0x0094E268]\n\t(No symbol) [0x0094E392]\n\t(No symbol) [0x009410B7]\n\tBaseThreadInitThunk [0x75157BA9+25]\n\tRtlInitializeExceptionChain [0x7750BD3B+107]\n\tRtlClearBits [0x7750BCBF+191]\n","trace":"org.openqa.selenium.SessionNotCreatedException: session not created: This version of ChromeDriver only supports Chrome version 116\nCurrent browser version is 119.0.6045.106 with binary path C:\\Program Files\\Google\\Chrome\\Application\\chrome.exe\nBuild info: version: '3.141.59', revision: 'e82be7d358', time: '2018-11-14T08:17:03'\nSystem info: host: 'DESKTOP-MVHKLV0', ip: '192.168.1.5', os.name: 'Windows 11', os.arch: 'amd64', os.version: '10.0', java.version: '17.0.8'\nDriver info: driver.version: ChromeDriver\nremote stacktrace: \tGetHandleVerifier [0x009B37C3+48947]\n\t(No symbol) [0x00948551]\n\t(No symbol) [0x0084C92D]\n\t(No symbol) [0x0086F180]\n\t(No symbol) [0x0086B178]\n\t(No symbol) [0x0086950E]\n\t(No symbol) [0x0089B840]\n\t(No symbol) [0x0089B3CC]\n\t(No symbol) [0x00894E86]\n\t(No symbol) [0x008716C7]\n\t(No symbol) [0x0087284D]\n\tGetHandleVerifier [0x00BFFDF9+2458985]\n\tGetHandleVerifier [0x00C4744F+2751423]\n\tGetHandleVerifier [0x00C41361+2726609]\n\tGetHandleVerifier [0x00A30680+560624]\n\t(No symbol) [0x0095238C]\n\t(No symbol) [0x0094E268]\n\t(No symbol) [0x0094E392]\n\t(No symbol) [0x009410B7]\n\tBaseThreadInitThunk [0x75157BA9+25]\n\tRtlInitializeExceptionChain [0x7750BD3B+107]\n\tRtlClearBits [0x7750BCBF+191]\n\r\n\tat java.base/jdk.internal.reflect.NativeConstructorAccessorImpl.newInstance0(Native Method)\r\n\tat java.base/jdk.internal.reflect.NativeConstructorAccessorImpl.newInstance(NativeConstructorAccessorImpl.java:77)\r\n\tat java.base/jdk.internal.reflect.DelegatingConstructorAccessorImpl.newInstance(DelegatingConstructorAccessorImpl.java:45)\r\n\tat java.base/java.lang.reflect.Constructor.newInstanceWithCaller(Constructor.java:499)\r\n\tat java.base/java.lang.reflect.Constructor.newInstance(Constructor.java:480)\r\n\tat org.openqa.selenium.remote.W3CHandshakeResponse.lambda$errorHandler$0(W3CHandshakeResponse.java:62)\r\n\tat org.openqa.selenium.remote.HandshakeResponse.lambda$getResponseFunction$0(HandshakeResponse.java:30)\r\n\tat org.openqa.selenium.remote.ProtocolHandshake.lambda$createSession$0(ProtocolHandshake.java:126)\r\n\tat java.base/java.util.stream.ReferencePipeline$3$1.accept(ReferencePipeline.java:197)\r\n\tat java.base/java.util.Spliterators$ArraySpliterator.tryAdvance(Spliterators.java:1002)\r\n\tat java.base/java.util.stream.ReferencePipeline.forEachWithCancel(ReferencePipeline.java:129)\r\n\tat java.base/java.util.stream.AbstractPipeline.copyIntoWithCancel(AbstractPipeline.java:527)\r\n\tat java.base/java.util.stream.AbstractPipeline.copyInto(AbstractPipeline.java:513)\r\n\tat java.base/java.util.stream.AbstractPipeline.wrapAndCopyInto(AbstractPipeline.java:499)\r\n\tat java.base/java.util.stream.FindOps$FindOp.evaluateSequential(FindOps.java:150)\r\n\tat java.base/java.util.stream.AbstractPipeline.evaluate(AbstractPipeline.java:234)\r\n\tat java.base/java.util.stream.ReferencePipeline.findFirst(ReferencePipeline.java:647)\r\n\tat org.openqa.selenium.remote.ProtocolHandshake.createSession(ProtocolHandshake.java:128)\r\n\tat org.openqa.selenium.remote.ProtocolHandshake.createSession(ProtocolHandshake.java:74)\r\n\tat org.openqa.selenium.remote.HttpCommandExecutor.execute(HttpCommandExecutor.java:136)\r\n\tat org.openqa.selenium.remote.service.DriverCommandExecutor.execute(DriverCommandExecutor.java:83)\r\n\tat org.openqa.selenium.remote.RemoteWebDriver.execute(RemoteWebDriver.java:552)\r\n\tat org.openqa.selenium.remote.RemoteWebDriver.startSession(RemoteWebDriver.java:213)\r\n\tat org.openqa.selenium.remote.RemoteWebDriver.<init>(RemoteWebDriver.java:131)\r\n\tat org.openqa.selenium.chrome.ChromeDriver.<init>(ChromeDriver.java:181)\r\n\tat org.openqa.selenium.chrome.ChromeDriver.<init>(ChromeDriver.java:168)\r\n\tat org.openqa.selenium.chrome.ChromeDriver.<init>(ChromeDriver.java:123)\r\n\tat stepdefinition.Tools_TestScript.i_navigate_to_application_Open_URl(Tools_TestScript.java:27)\r\n\tat ✽.I navigate to application Open URl(file:src/test/resources/features/Tools.feature:6)\r\n"},"stage":"finished","steps":[{"name":"Given  I navigate to application Open URl","status":"broken","statusDetails":{"known":false,"muted":false,"flaky":false,"message":"session not created: This version of ChromeDriver only supports Chrome version 116\nCurrent browser version is 119.0.6045.106 with binary path C:\\Program Files\\Google\\Chrome\\Application\\chrome.exe\nBuild info: version: '3.141.59', revision: 'e82be7d358', time: '2018-11-14T08:17:03'\nSystem info: host: 'DESKTOP-MVHKLV0', ip: '192.168.1.5', os.name: 'Windows 11', os.arch: 'amd64', os.version: '10.0', java.version: '17.0.8'\nDriver info: driver.version: ChromeDriver\nremote stacktrace: \tGetHandleVerifier [0x009B37C3+48947]\n\t(No symbol) [0x00948551]\n\t(No symbol) [0x0084C92D]\n\t(No symbol) [0x0086F180]\n\t(No symbol) [0x0086B178]\n\t(No symbol) [0x0086950E]\n\t(No symbol) [0x0089B840]\n\t(No symbol) [0x0089B3CC]\n\t(No symbol) [0x00894E86]\n\t(No symbol) [0x008716C7]\n\t(No symbol) [0x0087284D]\n\tGetHandleVerifier [0x00BFFDF9+2458985]\n\tGetHandleVerifier [0x00C4744F+2751423]\n\tGetHandleVerifier [0x00C41361+2726609]\n\tGetHandleVerifier [0x00A30680+560624]\n\t(No symbol) [0x0095238C]\n\t(No symbol) [0x0094E268]\n\t(No symbol) [0x0094E392]\n\t(No symbol) [0x009410B7]\n\tBaseThreadInitThunk [0x75157BA9+25]\n\tRtlInitializeExceptionChain [0x7750BD3B+107]\n\tRtlClearBits [0x7750BCBF+191]\n","trace":"org.openqa.selenium.SessionNotCreatedException: session not created: This version of ChromeDriver only supports Chrome version 116\nCurrent browser version is 119.0.6045.106 with binary path C:\\Program Files\\Google\\Chrome\\Application\\chrome.exe\nBuild info: version: '3.141.59', revision: 'e82be7d358', time: '2018-11-14T08:17:03'\nSystem info: host: 'DESKTOP-MVHKLV0', ip: '192.168.1.5', os.name: 'Windows 11', os.arch: 'amd64', os.version: '10.0', java.version: '17.0.8'\nDriver info: driver.version: ChromeDriver\nremote stacktrace: \tGetHandleVerifier [0x009B37C3+48947]\n\t(No symbol) [0x00948551]\n\t(No symbol) [0x0084C92D]\n\t(No symbol) [0x0086F180]\n\t(No symbol) [0x0086B178]\n\t(No symbol) [0x0086950E]\n\t(No symbol) [0x0089B840]\n\t(No symbol) [0x0089B3CC]\n\t(No symbol) [0x00894E86]\n\t(No symbol) [0x008716C7]\n\t(No symbol) [0x0087284D]\n\tGetHandleVerifier [0x00BFFDF9+2458985]\n\tGetHandleVerifier [0x00C4744F+2751423]\n\tGetHandleVerifier [0x00C41361+2726609]\n\tGetHandleVerifier [0x00A30680+560624]\n\t(No symbol) [0x0095238C]\n\t(No symbol) [0x0094E268]\n\t(No symbol) [0x0094E392]\n\t(No symbol) [0x009410B7]\n\tBaseThreadInitThunk [0x75157BA9+25]\n\tRtlInitializeExceptionChain [0x7750BD3B+107]\n\tRtlClearBits [0x7750BCBF+191]\n\r\n\tat java.base/jdk.internal.reflect.NativeConstructorAccessorImpl.newInstance0(Native Method)\r\n\tat java.base/jdk.internal.reflect.NativeConstructorAccessorImpl.newInstance(NativeConstructorAccessorImpl.java:77)\r\n\tat java.base/jdk.internal.reflect.DelegatingConstructorAccessorImpl.newInstance(DelegatingConstructorAccessorImpl.java:45)\r\n\tat java.base/java.lang.reflect.Constructor.newInstanceWithCaller(Constructor.java:499)\r\n\tat java.base/java.lang.reflect.Constructor.newInstance(Constructor.java:480)\r\n\tat org.openqa.selenium.remote.W3CHandshakeResponse.lambda$errorHandler$0(W3CHandshakeResponse.java:62)\r\n\tat org.openqa.selenium.remote.HandshakeResponse.lambda$getResponseFunction$0(HandshakeResponse.java:30)\r\n\tat org.openqa.selenium.remote.ProtocolHandshake.lambda$createSession$0(ProtocolHandshake.java:126)\r\n\tat java.base/java.util.stream.ReferencePipeline$3$1.accept(ReferencePipeline.java:197)\r\n\tat java.base/java.util.Spliterators$ArraySpliterator.tryAdvance(Spliterators.java:1002)\r\n\tat java.base/java.util.stream.ReferencePipeline.forEachWithCancel(ReferencePipeline.java:129)\r\n\tat java.base/java.util.stream.AbstractPipeline.copyIntoWithCancel(AbstractPipeline.java:527)\r\n\tat java.base/java.util.stream.AbstractPipeline.copyInto(AbstractPipeline.java:513)\r\n\tat java.base/java.util.stream.AbstractPipeline.wrapAndCopyInto(AbstractPipeline.java:499)\r\n\tat java.base/java.util.stream.FindOps$FindOp.evaluateSequential(FindOps.java:150)\r\n\tat java.base/java.util.stream.AbstractPipeline.evaluate(AbstractPipeline.java:234)\r\n\tat java.base/java.util.stream.ReferencePipeline.findFirst(ReferencePipeline.java:647)\r\n\tat org.openqa.selenium.remote.ProtocolHandshake.createSession(ProtocolHandshake.java:128)\r\n\tat org.openqa.selenium.remote.ProtocolHandshake.createSession(ProtocolHandshake.java:74)\r\n\tat org.openqa.selenium.remote.HttpCommandExecutor.execute(HttpCommandExecutor.java:136)\r\n\tat org.openqa.selenium.remote.service.DriverCommandExecutor.execute(DriverCommandExecutor.java:83)\r\n\tat org.openqa.selenium.remote.RemoteWebDriver.execute(RemoteWebDriver.java:552)\r\n\tat org.openqa.selenium.remote.RemoteWebDriver.startSession(RemoteWebDriver.java:213)\r\n\tat org.openqa.selenium.remote.RemoteWebDriver.<init>(RemoteWebDriver.java:131)\r\n\tat org.openqa.selenium.chrome.ChromeDriver.<init>(ChromeDriver.java:181)\r\n\tat org.openqa.selenium.chrome.ChromeDriver.<init>(ChromeDriver.java:168)\r\n\tat org.openqa.selenium.chrome.ChromeDriver.<init>(ChromeDriver.java:123)\r\n\tat stepdefinition.Tools_TestScript.i_navigate_to_application_Open_URl(Tools_TestScript.java:27)\r\n\tat ✽.I navigate to application Open URl(file:src/test/resources/features/Tools.feature:6)\r\n"},"stage":"finished","steps":[],"attachments":[],"parameters":[],"start":1698948155935,"stop":1698948157762},{"name":"When  User Enter Username and Password by click On login Button","status":"skipped","statusDetails":{"known":false,"muted":false,"flaky":false},"stage":"finished","steps":[],"attachments":[],"parameters":[],"start":1698948157762,"stop":1698948157762},{"name":"Then  Login SucessfullY","status":"skipped","statusDetails":{"known":false,"muted":false,"flaky":false},"stage":"finished","steps":[],"attachments":[],"parameters":[],"start":1698948157762,"stop":1698948157762},{"name":"And  User is in vtigerCRM Home page","status":"skipped","statusDetails":{"known":false,"muted":false,"flaky":false},"stage":"finished","steps":[],"attachments":[],"parameters":[],"start":1698948157763,"stop":1698948157763},{"name":"And  User has click on Tools tab","status":"skipped","statusDetails":{"known":false,"muted":false,"flaky":false},"stage":"finished","steps":[],"attachments":[],"parameters":[],"start":1698948157763,"stop":1698948157763}],"attachments":[],"parameters":[],"start":1698948155933,"stop":1698948157764,"uuid":"9de2080b-881f-453e-b18c-256bf0cf3ef7","historyId":"29500a9b1af2902e8f77ecacf6eab543","fullName":"Validating Tools page: verify the Vtiger Login Page","labels":[{"name":"tag","value":"Regression"},{"name":"tag","value":"Tools_1"},{"name":"tag","value":"TC_001"},{"name":"host","value":"DESKTOP-MVHKLV0"},{"name":"thread","value":"14668@DESKTOP-MVHKLV0.main(1)"},{"name":"feature","value":"Validating Tools page"},{"name":"story","value":"verify the Vtiger Login Page"},{"name":"package","value":"src.test.resources.features.Validating Tools page"},{"name":"suite","value":"Validating Tools page"},{"name":"testClass","value":"verify the Vtiger Login Page"},{"name":"framework","value":"cucumber4jvm"},{"name":"language","value":"java"},{"name":"gherkin_uri","value":"file:src/test/resources/features/Tools.feature"}],"links":[]}