{"name":"verify the Vtiger Login Page","status":"broken","statusDetails":{"known":false,"muted":false,"flaky":false,"message":"session not created: This version of ChromeDriver only supports Chrome version 106\nCurrent browser version is 108.0.5359.125 with binary path C:\\Program Files\\Google\\Chrome\\Application\\chrome.exe\nBuild info: version: '3.141.59', revision: 'e82be7d358', time: '2018-11-14T08:17:03'\nSystem info: host: 'DESKTOP-429CCB1', ip: '192.168.1.7', os.name: 'Windows 10', os.arch: 'amd64', os.version: '10.0', java.version: '17.0.4.1'\nDriver info: driver.version: ChromeDriver\nremote stacktrace: Backtrace:\n\tOrdinal0 [0x00DF1ED3+2236115]\n\tOrdinal0 [0x00D892F1+1807089]\n\tOrdinal0 [0x00C966FD+812797]\n\tOrdinal0 [0x00CB8C6D+953453]\n\tOrdinal0 [0x00CB4200+934400]\n\tOrdinal0 [0x00CB19C9+924105]\n\tOrdinal0 [0x00CE806C+1146988]\n\tOrdinal0 [0x00CE7A6A+1145450]\n\tOrdinal0 [0x00CE18A6+1120422]\n\tOrdinal0 [0x00CBA73D+960317]\n\tOrdinal0 [0x00CBB71F+964383]\n\tGetHandleVerifier [0x0109E7E2+2743074]\n\tGetHandleVerifier [0x010908D4+2685972]\n\tGetHandleVerifier [0x00E82BAA+532202]\n\tGetHandleVerifier [0x00E81990+527568]\n\tOrdinal0 [0x00D9080C+1837068]\n\tOrdinal0 [0x00D94CD8+1854680]\n\tOrdinal0 [0x00D94DC5+1854917]\n\tOrdinal0 [0x00D9ED64+1895780]\n\tBaseThreadInitThunk [0x75CA00F9+25]\n\tRtlGetAppContainerNamedObjectPath [0x77207BBE+286]\n\tRtlGetAppContainerNamedObjectPath [0x77207B8E+238]\n","trace":"org.openqa.selenium.SessionNotCreatedException: session not created: This version of ChromeDriver only supports Chrome version 106\nCurrent browser version is 108.0.5359.125 with binary path C:\\Program Files\\Google\\Chrome\\Application\\chrome.exe\nBuild info: version: '3.141.59', revision: 'e82be7d358', time: '2018-11-14T08:17:03'\nSystem info: host: 'DESKTOP-429CCB1', ip: '192.168.1.7', os.name: 'Windows 10', os.arch: 'amd64', os.version: '10.0', java.version: '17.0.4.1'\nDriver info: driver.version: ChromeDriver\nremote stacktrace: Backtrace:\n\tOrdinal0 [0x00DF1ED3+2236115]\n\tOrdinal0 [0x00D892F1+1807089]\n\tOrdinal0 [0x00C966FD+812797]\n\tOrdinal0 [0x00CB8C6D+953453]\n\tOrdinal0 [0x00CB4200+934400]\n\tOrdinal0 [0x00CB19C9+924105]\n\tOrdinal0 [0x00CE806C+1146988]\n\tOrdinal0 [0x00CE7A6A+1145450]\n\tOrdinal0 [0x00CE18A6+1120422]\n\tOrdinal0 [0x00CBA73D+960317]\n\tOrdinal0 [0x00CBB71F+964383]\n\tGetHandleVerifier [0x0109E7E2+2743074]\n\tGetHandleVerifier [0x010908D4+2685972]\n\tGetHandleVerifier [0x00E82BAA+532202]\n\tGetHandleVerifier [0x00E81990+527568]\n\tOrdinal0 [0x00D9080C+1837068]\n\tOrdinal0 [0x00D94CD8+1854680]\n\tOrdinal0 [0x00D94DC5+1854917]\n\tOrdinal0 [0x00D9ED64+1895780]\n\tBaseThreadInitThunk [0x75CA00F9+25]\n\tRtlGetAppContainerNamedObjectPath [0x77207BBE+286]\n\tRtlGetAppContainerNamedObjectPath [0x77207B8E+238]\n\r\n\tat java.base/jdk.internal.reflect.NativeConstructorAccessorImpl.newInstance0(Native Method)\r\n\tat java.base/jdk.internal.reflect.NativeConstructorAccessorImpl.newInstance(NativeConstructorAccessorImpl.java:77)\r\n\tat java.base/jdk.internal.reflect.DelegatingConstructorAccessorImpl.newInstance(DelegatingConstructorAccessorImpl.java:45)\r\n\tat java.base/java.lang.reflect.Constructor.newInstanceWithCaller(Constructor.java:499)\r\n\tat java.base/java.lang.reflect.Constructor.newInstance(Constructor.java:480)\r\n\tat org.openqa.selenium.remote.W3CHandshakeResponse.lambda$errorHandler$0(W3CHandshakeResponse.java:62)\r\n\tat org.openqa.selenium.remote.HandshakeResponse.lambda$getResponseFunction$0(HandshakeResponse.java:30)\r\n\tat org.openqa.selenium.remote.ProtocolHandshake.lambda$createSession$0(ProtocolHandshake.java:126)\r\n\tat java.base/java.util.stream.ReferencePipeline$3$1.accept(ReferencePipeline.java:197)\r\n\tat java.base/java.util.Spliterators$ArraySpliterator.tryAdvance(Spliterators.java:1002)\r\n\tat java.base/java.util.stream.ReferencePipeline.forEachWithCancel(ReferencePipeline.java:129)\r\n\tat java.base/java.util.stream.AbstractPipeline.copyIntoWithCancel(AbstractPipeline.java:527)\r\n\tat java.base/java.util.stream.AbstractPipeline.copyInto(AbstractPipeline.java:513)\r\n\tat java.base/java.util.stream.AbstractPipeline.wrapAndCopyInto(AbstractPipeline.java:499)\r\n\tat java.base/java.util.stream.FindOps$FindOp.evaluateSequential(FindOps.java:150)\r\n\tat java.base/java.util.stream.AbstractPipeline.evaluate(AbstractPipeline.java:234)\r\n\tat java.base/java.util.stream.ReferencePipeline.findFirst(ReferencePipeline.java:647)\r\n\tat org.openqa.selenium.remote.ProtocolHandshake.createSession(ProtocolHandshake.java:128)\r\n\tat org.openqa.selenium.remote.ProtocolHandshake.createSession(ProtocolHandshake.java:74)\r\n\tat org.openqa.selenium.remote.HttpCommandExecutor.execute(HttpCommandExecutor.java:136)\r\n\tat org.openqa.selenium.remote.service.DriverCommandExecutor.execute(DriverCommandExecutor.java:83)\r\n\tat org.openqa.selenium.remote.RemoteWebDriver.execute(RemoteWebDriver.java:552)\r\n\tat org.openqa.selenium.remote.RemoteWebDriver.startSession(RemoteWebDriver.java:213)\r\n\tat org.openqa.selenium.remote.RemoteWebDriver.<init>(RemoteWebDriver.java:131)\r\n\tat org.openqa.selenium.chrome.ChromeDriver.<init>(ChromeDriver.java:181)\r\n\tat org.openqa.selenium.chrome.ChromeDriver.<init>(ChromeDriver.java:168)\r\n\tat org.openqa.selenium.chrome.ChromeDriver.<init>(ChromeDriver.java:123)\r\n\tat stepdefinition.Sales_TestScript.i_navigate_to_application_open_URl(Sales_TestScript.java:40)\r\n\tat ✽.I navigate to application open URl(file:src/test/resources/features/Sales.feature:6)\r\n"},"stage":"finished","steps":[{"name":"Given  I navigate to application open URl","status":"broken","statusDetails":{"known":false,"muted":false,"flaky":false,"message":"session not created: This version of ChromeDriver only supports Chrome version 106\nCurrent browser version is 108.0.5359.125 with binary path C:\\Program Files\\Google\\Chrome\\Application\\chrome.exe\nBuild info: version: '3.141.59', revision: 'e82be7d358', time: '2018-11-14T08:17:03'\nSystem info: host: 'DESKTOP-429CCB1', ip: '192.168.1.7', os.name: 'Windows 10', os.arch: 'amd64', os.version: '10.0', java.version: '17.0.4.1'\nDriver info: driver.version: ChromeDriver\nremote stacktrace: Backtrace:\n\tOrdinal0 [0x00DF1ED3+2236115]\n\tOrdinal0 [0x00D892F1+1807089]\n\tOrdinal0 [0x00C966FD+812797]\n\tOrdinal0 [0x00CB8C6D+953453]\n\tOrdinal0 [0x00CB4200+934400]\n\tOrdinal0 [0x00CB19C9+924105]\n\tOrdinal0 [0x00CE806C+1146988]\n\tOrdinal0 [0x00CE7A6A+1145450]\n\tOrdinal0 [0x00CE18A6+1120422]\n\tOrdinal0 [0x00CBA73D+960317]\n\tOrdinal0 [0x00CBB71F+964383]\n\tGetHandleVerifier [0x0109E7E2+2743074]\n\tGetHandleVerifier [0x010908D4+2685972]\n\tGetHandleVerifier [0x00E82BAA+532202]\n\tGetHandleVerifier [0x00E81990+527568]\n\tOrdinal0 [0x00D9080C+1837068]\n\tOrdinal0 [0x00D94CD8+1854680]\n\tOrdinal0 [0x00D94DC5+1854917]\n\tOrdinal0 [0x00D9ED64+1895780]\n\tBaseThreadInitThunk [0x75CA00F9+25]\n\tRtlGetAppContainerNamedObjectPath [0x77207BBE+286]\n\tRtlGetAppContainerNamedObjectPath [0x77207B8E+238]\n","trace":"org.openqa.selenium.SessionNotCreatedException: session not created: This version of ChromeDriver only supports Chrome version 106\nCurrent browser version is 108.0.5359.125 with binary path C:\\Program Files\\Google\\Chrome\\Application\\chrome.exe\nBuild info: version: '3.141.59', revision: 'e82be7d358', time: '2018-11-14T08:17:03'\nSystem info: host: 'DESKTOP-429CCB1', ip: '192.168.1.7', os.name: 'Windows 10', os.arch: 'amd64', os.version: '10.0', java.version: '17.0.4.1'\nDriver info: driver.version: ChromeDriver\nremote stacktrace: Backtrace:\n\tOrdinal0 [0x00DF1ED3+2236115]\n\tOrdinal0 [0x00D892F1+1807089]\n\tOrdinal0 [0x00C966FD+812797]\n\tOrdinal0 [0x00CB8C6D+953453]\n\tOrdinal0 [0x00CB4200+934400]\n\tOrdinal0 [0x00CB19C9+924105]\n\tOrdinal0 [0x00CE806C+1146988]\n\tOrdinal0 [0x00CE7A6A+1145450]\n\tOrdinal0 [0x00CE18A6+1120422]\n\tOrdinal0 [0x00CBA73D+960317]\n\tOrdinal0 [0x00CBB71F+964383]\n\tGetHandleVerifier [0x0109E7E2+2743074]\n\tGetHandleVerifier [0x010908D4+2685972]\n\tGetHandleVerifier [0x00E82BAA+532202]\n\tGetHandleVerifier [0x00E81990+527568]\n\tOrdinal0 [0x00D9080C+1837068]\n\tOrdinal0 [0x00D94CD8+1854680]\n\tOrdinal0 [0x00D94DC5+1854917]\n\tOrdinal0 [0x00D9ED64+1895780]\n\tBaseThreadInitThunk [0x75CA00F9+25]\n\tRtlGetAppContainerNamedObjectPath [0x77207BBE+286]\n\tRtlGetAppContainerNamedObjectPath [0x77207B8E+238]\n\r\n\tat java.base/jdk.internal.reflect.NativeConstructorAccessorImpl.newInstance0(Native Method)\r\n\tat java.base/jdk.internal.reflect.NativeConstructorAccessorImpl.newInstance(NativeConstructorAccessorImpl.java:77)\r\n\tat java.base/jdk.internal.reflect.DelegatingConstructorAccessorImpl.newInstance(DelegatingConstructorAccessorImpl.java:45)\r\n\tat java.base/java.lang.reflect.Constructor.newInstanceWithCaller(Constructor.java:499)\r\n\tat java.base/java.lang.reflect.Constructor.newInstance(Constructor.java:480)\r\n\tat org.openqa.selenium.remote.W3CHandshakeResponse.lambda$errorHandler$0(W3CHandshakeResponse.java:62)\r\n\tat org.openqa.selenium.remote.HandshakeResponse.lambda$getResponseFunction$0(HandshakeResponse.java:30)\r\n\tat org.openqa.selenium.remote.ProtocolHandshake.lambda$createSession$0(ProtocolHandshake.java:126)\r\n\tat java.base/java.util.stream.ReferencePipeline$3$1.accept(ReferencePipeline.java:197)\r\n\tat java.base/java.util.Spliterators$ArraySpliterator.tryAdvance(Spliterators.java:1002)\r\n\tat java.base/java.util.stream.ReferencePipeline.forEachWithCancel(ReferencePipeline.java:129)\r\n\tat java.base/java.util.stream.AbstractPipeline.copyIntoWithCancel(AbstractPipeline.java:527)\r\n\tat java.base/java.util.stream.AbstractPipeline.copyInto(AbstractPipeline.java:513)\r\n\tat java.base/java.util.stream.AbstractPipeline.wrapAndCopyInto(AbstractPipeline.java:499)\r\n\tat java.base/java.util.stream.FindOps$FindOp.evaluateSequential(FindOps.java:150)\r\n\tat java.base/java.util.stream.AbstractPipeline.evaluate(AbstractPipeline.java:234)\r\n\tat java.base/java.util.stream.ReferencePipeline.findFirst(ReferencePipeline.java:647)\r\n\tat org.openqa.selenium.remote.ProtocolHandshake.createSession(ProtocolHandshake.java:128)\r\n\tat org.openqa.selenium.remote.ProtocolHandshake.createSession(ProtocolHandshake.java:74)\r\n\tat org.openqa.selenium.remote.HttpCommandExecutor.execute(HttpCommandExecutor.java:136)\r\n\tat org.openqa.selenium.remote.service.DriverCommandExecutor.execute(DriverCommandExecutor.java:83)\r\n\tat org.openqa.selenium.remote.RemoteWebDriver.execute(RemoteWebDriver.java:552)\r\n\tat org.openqa.selenium.remote.RemoteWebDriver.startSession(RemoteWebDriver.java:213)\r\n\tat org.openqa.selenium.remote.RemoteWebDriver.<init>(RemoteWebDriver.java:131)\r\n\tat org.openqa.selenium.chrome.ChromeDriver.<init>(ChromeDriver.java:181)\r\n\tat org.openqa.selenium.chrome.ChromeDriver.<init>(ChromeDriver.java:168)\r\n\tat org.openqa.selenium.chrome.ChromeDriver.<init>(ChromeDriver.java:123)\r\n\tat stepdefinition.Sales_TestScript.i_navigate_to_application_open_URl(Sales_TestScript.java:40)\r\n\tat ✽.I navigate to application open URl(file:src/test/resources/features/Sales.feature:6)\r\n"},"stage":"finished","steps":[],"attachments":[],"parameters":[],"start":1673335460971,"stop":1673335510453},{"name":"When  User Enter Username and Password By click on Login button","status":"skipped","statusDetails":{"known":false,"muted":false,"flaky":false},"stage":"finished","steps":[],"attachments":[],"parameters":[],"start":1673335510455,"stop":1673335510456},{"name":"Then  Login sucessfullY","status":"skipped","statusDetails":{"known":false,"muted":false,"flaky":false},"stage":"finished","steps":[],"attachments":[],"parameters":[],"start":1673335510456,"stop":1673335510458},{"name":"And  User is in VtigerCRM home page","status":"skipped","statusDetails":{"known":false,"muted":false,"flaky":false},"stage":"finished","steps":[],"attachments":[],"parameters":[],"start":1673335510458,"stop":1673335510459},{"name":"And  User has click on Sales tab","status":"skipped","statusDetails":{"known":false,"muted":false,"flaky":false},"stage":"finished","steps":[],"attachments":[],"parameters":[],"start":1673335510460,"stop":1673335510460},{"name":"And  User has click on Leads tab","status":"skipped","statusDetails":{"known":false,"muted":false,"flaky":false},"stage":"finished","steps":[],"attachments":[],"parameters":[],"start":1673335510461,"stop":1673335510462},{"name":"And  User verify the Creating Leads in Sales by click on Save button","status":"skipped","statusDetails":{"known":false,"muted":false,"flaky":false},"stage":"finished","steps":[],"attachments":[],"parameters":[],"start":1673335510462,"stop":1673335510463}],"attachments":[],"parameters":[],"start":1673335460966,"stop":1673335510468,"uuid":"ade6690f-0de2-47a8-b1b8-dba8297ce338","historyId":"c29951882ec21eea25bb984dd2203088","fullName":"Validating Sales page: verify the Vtiger Login Page","labels":[{"name":"tag","value":"Regression"},{"name":"tag","value":"Sales_2"},{"name":"tag","value":"TC_001"},{"name":"host","value":"DESKTOP-429CCB1"},{"name":"thread","value":"11284@DESKTOP-429CCB1.main(1)"},{"name":"feature","value":"Validating Sales page"},{"name":"story","value":"verify the Vtiger Login Page"},{"name":"package","value":"src.test.resources.features.Validating Sales page"},{"name":"suite","value":"Validating Sales page"},{"name":"testClass","value":"verify the Vtiger Login Page"},{"name":"framework","value":"cucumber4jvm"},{"name":"language","value":"java"},{"name":"gherkin_uri","value":"file:src/test/resources/features/Sales.feature"}],"links":[]}