{"name":"verify the Vtiger Login Page","status":"broken","statusDetails":{"known":false,"muted":false,"flaky":false,"message":"session not created: This version of ChromeDriver only supports Chrome version 114\nCurrent browser version is 116.0.5845.110 with binary path C:\\Program Files\\Google\\Chrome\\Application\\chrome.exe\nBuild info: version: '3.141.59', revision: 'e82be7d358', time: '2018-11-14T08:17:03'\nSystem info: host: 'DESKTOP-MVHKLV0', ip: '192.168.1.10', os.name: 'Windows 11', os.arch: 'amd64', os.version: '10.0', java.version: '17.0.8'\nDriver info: driver.version: ChromeDriver\nremote stacktrace: Backtrace:\n\tGetHandleVerifier [0x007CA813+48355]\n\t(No symbol) [0x0075C4B1]\n\t(No symbol) [0x00665358]\n\t(No symbol) [0x006861AC]\n\t(No symbol) [0x00681EF3]\n\t(No symbol) [0x00680579]\n\t(No symbol) [0x006B0C55]\n\t(No symbol) [0x006B093C]\n\t(No symbol) [0x006AA536]\n\t(No symbol) [0x006882DC]\n\t(No symbol) [0x006893DD]\n\tGetHandleVerifier [0x00A2AABD+2539405]\n\tGetHandleVerifier [0x00A6A78F+2800735]\n\tGetHandleVerifier [0x00A6456C+2775612]\n\tGetHandleVerifier [0x008551E0+616112]\n\t(No symbol) [0x00765F8C]\n\t(No symbol) [0x00762328]\n\t(No symbol) [0x0076240B]\n\t(No symbol) [0x00754FF7]\n\tBaseThreadInitThunk [0x766A7D59+25]\n\tRtlInitializeExceptionChain [0x778DB79B+107]\n\tRtlClearBits [0x778DB71F+191]\n","trace":"org.openqa.selenium.SessionNotCreatedException: session not created: This version of ChromeDriver only supports Chrome version 114\nCurrent browser version is 116.0.5845.110 with binary path C:\\Program Files\\Google\\Chrome\\Application\\chrome.exe\nBuild info: version: '3.141.59', revision: 'e82be7d358', time: '2018-11-14T08:17:03'\nSystem info: host: 'DESKTOP-MVHKLV0', ip: '192.168.1.10', os.name: 'Windows 11', os.arch: 'amd64', os.version: '10.0', java.version: '17.0.8'\nDriver info: driver.version: ChromeDriver\nremote stacktrace: Backtrace:\n\tGetHandleVerifier [0x007CA813+48355]\n\t(No symbol) [0x0075C4B1]\n\t(No symbol) [0x00665358]\n\t(No symbol) [0x006861AC]\n\t(No symbol) [0x00681EF3]\n\t(No symbol) [0x00680579]\n\t(No symbol) [0x006B0C55]\n\t(No symbol) [0x006B093C]\n\t(No symbol) [0x006AA536]\n\t(No symbol) [0x006882DC]\n\t(No symbol) [0x006893DD]\n\tGetHandleVerifier [0x00A2AABD+2539405]\n\tGetHandleVerifier [0x00A6A78F+2800735]\n\tGetHandleVerifier [0x00A6456C+2775612]\n\tGetHandleVerifier [0x008551E0+616112]\n\t(No symbol) [0x00765F8C]\n\t(No symbol) [0x00762328]\n\t(No symbol) [0x0076240B]\n\t(No symbol) [0x00754FF7]\n\tBaseThreadInitThunk [0x766A7D59+25]\n\tRtlInitializeExceptionChain [0x778DB79B+107]\n\tRtlClearBits [0x778DB71F+191]\n\r\n\tat java.base/jdk.internal.reflect.NativeConstructorAccessorImpl.newInstance0(Native Method)\r\n\tat java.base/jdk.internal.reflect.NativeConstructorAccessorImpl.newInstance(NativeConstructorAccessorImpl.java:77)\r\n\tat java.base/jdk.internal.reflect.DelegatingConstructorAccessorImpl.newInstance(DelegatingConstructorAccessorImpl.java:45)\r\n\tat java.base/java.lang.reflect.Constructor.newInstanceWithCaller(Constructor.java:499)\r\n\tat java.base/java.lang.reflect.Constructor.newInstance(Constructor.java:480)\r\n\tat org.openqa.selenium.remote.W3CHandshakeResponse.lambda$errorHandler$0(W3CHandshakeResponse.java:62)\r\n\tat org.openqa.selenium.remote.HandshakeResponse.lambda$getResponseFunction$0(HandshakeResponse.java:30)\r\n\tat org.openqa.selenium.remote.ProtocolHandshake.lambda$createSession$0(ProtocolHandshake.java:126)\r\n\tat java.base/java.util.stream.ReferencePipeline$3$1.accept(ReferencePipeline.java:197)\r\n\tat java.base/java.util.Spliterators$ArraySpliterator.tryAdvance(Spliterators.java:1002)\r\n\tat java.base/java.util.stream.ReferencePipeline.forEachWithCancel(ReferencePipeline.java:129)\r\n\tat java.base/java.util.stream.AbstractPipeline.copyIntoWithCancel(AbstractPipeline.java:527)\r\n\tat java.base/java.util.stream.AbstractPipeline.copyInto(AbstractPipeline.java:513)\r\n\tat java.base/java.util.stream.AbstractPipeline.wrapAndCopyInto(AbstractPipeline.java:499)\r\n\tat java.base/java.util.stream.FindOps$FindOp.evaluateSequential(FindOps.java:150)\r\n\tat java.base/java.util.stream.AbstractPipeline.evaluate(AbstractPipeline.java:234)\r\n\tat java.base/java.util.stream.ReferencePipeline.findFirst(ReferencePipeline.java:647)\r\n\tat org.openqa.selenium.remote.ProtocolHandshake.createSession(ProtocolHandshake.java:128)\r\n\tat org.openqa.selenium.remote.ProtocolHandshake.createSession(ProtocolHandshake.java:74)\r\n\tat org.openqa.selenium.remote.HttpCommandExecutor.execute(HttpCommandExecutor.java:136)\r\n\tat org.openqa.selenium.remote.service.DriverCommandExecutor.execute(DriverCommandExecutor.java:83)\r\n\tat org.openqa.selenium.remote.RemoteWebDriver.execute(RemoteWebDriver.java:552)\r\n\tat org.openqa.selenium.remote.RemoteWebDriver.startSession(RemoteWebDriver.java:213)\r\n\tat org.openqa.selenium.remote.RemoteWebDriver.<init>(RemoteWebDriver.java:131)\r\n\tat org.openqa.selenium.chrome.ChromeDriver.<init>(ChromeDriver.java:181)\r\n\tat org.openqa.selenium.chrome.ChromeDriver.<init>(ChromeDriver.java:168)\r\n\tat org.openqa.selenium.chrome.ChromeDriver.<init>(ChromeDriver.java:123)\r\n\tat stepdefinition.Marketing_TestScript.i_navigate_to_application_open_URL(Marketing_TestScript.java:36)\r\n\tat ✽.I navigate to application open URL(file:src/test/resources/features/Marketing.feature:6)\r\n"},"stage":"finished","steps":[{"name":"Given  I navigate to application open URL","status":"broken","statusDetails":{"known":false,"muted":false,"flaky":false,"message":"session not created: This version of ChromeDriver only supports Chrome version 114\nCurrent browser version is 116.0.5845.110 with binary path C:\\Program Files\\Google\\Chrome\\Application\\chrome.exe\nBuild info: version: '3.141.59', revision: 'e82be7d358', time: '2018-11-14T08:17:03'\nSystem info: host: 'DESKTOP-MVHKLV0', ip: '192.168.1.10', os.name: 'Windows 11', os.arch: 'amd64', os.version: '10.0', java.version: '17.0.8'\nDriver info: driver.version: ChromeDriver\nremote stacktrace: Backtrace:\n\tGetHandleVerifier [0x007CA813+48355]\n\t(No symbol) [0x0075C4B1]\n\t(No symbol) [0x00665358]\n\t(No symbol) [0x006861AC]\n\t(No symbol) [0x00681EF3]\n\t(No symbol) [0x00680579]\n\t(No symbol) [0x006B0C55]\n\t(No symbol) [0x006B093C]\n\t(No symbol) [0x006AA536]\n\t(No symbol) [0x006882DC]\n\t(No symbol) [0x006893DD]\n\tGetHandleVerifier [0x00A2AABD+2539405]\n\tGetHandleVerifier [0x00A6A78F+2800735]\n\tGetHandleVerifier [0x00A6456C+2775612]\n\tGetHandleVerifier [0x008551E0+616112]\n\t(No symbol) [0x00765F8C]\n\t(No symbol) [0x00762328]\n\t(No symbol) [0x0076240B]\n\t(No symbol) [0x00754FF7]\n\tBaseThreadInitThunk [0x766A7D59+25]\n\tRtlInitializeExceptionChain [0x778DB79B+107]\n\tRtlClearBits [0x778DB71F+191]\n","trace":"org.openqa.selenium.SessionNotCreatedException: session not created: This version of ChromeDriver only supports Chrome version 114\nCurrent browser version is 116.0.5845.110 with binary path C:\\Program Files\\Google\\Chrome\\Application\\chrome.exe\nBuild info: version: '3.141.59', revision: 'e82be7d358', time: '2018-11-14T08:17:03'\nSystem info: host: 'DESKTOP-MVHKLV0', ip: '192.168.1.10', os.name: 'Windows 11', os.arch: 'amd64', os.version: '10.0', java.version: '17.0.8'\nDriver info: driver.version: ChromeDriver\nremote stacktrace: Backtrace:\n\tGetHandleVerifier [0x007CA813+48355]\n\t(No symbol) [0x0075C4B1]\n\t(No symbol) [0x00665358]\n\t(No symbol) [0x006861AC]\n\t(No symbol) [0x00681EF3]\n\t(No symbol) [0x00680579]\n\t(No symbol) [0x006B0C55]\n\t(No symbol) [0x006B093C]\n\t(No symbol) [0x006AA536]\n\t(No symbol) [0x006882DC]\n\t(No symbol) [0x006893DD]\n\tGetHandleVerifier [0x00A2AABD+2539405]\n\tGetHandleVerifier [0x00A6A78F+2800735]\n\tGetHandleVerifier [0x00A6456C+2775612]\n\tGetHandleVerifier [0x008551E0+616112]\n\t(No symbol) [0x00765F8C]\n\t(No symbol) [0x00762328]\n\t(No symbol) [0x0076240B]\n\t(No symbol) [0x00754FF7]\n\tBaseThreadInitThunk [0x766A7D59+25]\n\tRtlInitializeExceptionChain [0x778DB79B+107]\n\tRtlClearBits [0x778DB71F+191]\n\r\n\tat java.base/jdk.internal.reflect.NativeConstructorAccessorImpl.newInstance0(Native Method)\r\n\tat java.base/jdk.internal.reflect.NativeConstructorAccessorImpl.newInstance(NativeConstructorAccessorImpl.java:77)\r\n\tat java.base/jdk.internal.reflect.DelegatingConstructorAccessorImpl.newInstance(DelegatingConstructorAccessorImpl.java:45)\r\n\tat java.base/java.lang.reflect.Constructor.newInstanceWithCaller(Constructor.java:499)\r\n\tat java.base/java.lang.reflect.Constructor.newInstance(Constructor.java:480)\r\n\tat org.openqa.selenium.remote.W3CHandshakeResponse.lambda$errorHandler$0(W3CHandshakeResponse.java:62)\r\n\tat org.openqa.selenium.remote.HandshakeResponse.lambda$getResponseFunction$0(HandshakeResponse.java:30)\r\n\tat org.openqa.selenium.remote.ProtocolHandshake.lambda$createSession$0(ProtocolHandshake.java:126)\r\n\tat java.base/java.util.stream.ReferencePipeline$3$1.accept(ReferencePipeline.java:197)\r\n\tat java.base/java.util.Spliterators$ArraySpliterator.tryAdvance(Spliterators.java:1002)\r\n\tat java.base/java.util.stream.ReferencePipeline.forEachWithCancel(ReferencePipeline.java:129)\r\n\tat java.base/java.util.stream.AbstractPipeline.copyIntoWithCancel(AbstractPipeline.java:527)\r\n\tat java.base/java.util.stream.AbstractPipeline.copyInto(AbstractPipeline.java:513)\r\n\tat java.base/java.util.stream.AbstractPipeline.wrapAndCopyInto(AbstractPipeline.java:499)\r\n\tat java.base/java.util.stream.FindOps$FindOp.evaluateSequential(FindOps.java:150)\r\n\tat java.base/java.util.stream.AbstractPipeline.evaluate(AbstractPipeline.java:234)\r\n\tat java.base/java.util.stream.ReferencePipeline.findFirst(ReferencePipeline.java:647)\r\n\tat org.openqa.selenium.remote.ProtocolHandshake.createSession(ProtocolHandshake.java:128)\r\n\tat org.openqa.selenium.remote.ProtocolHandshake.createSession(ProtocolHandshake.java:74)\r\n\tat org.openqa.selenium.remote.HttpCommandExecutor.execute(HttpCommandExecutor.java:136)\r\n\tat org.openqa.selenium.remote.service.DriverCommandExecutor.execute(DriverCommandExecutor.java:83)\r\n\tat org.openqa.selenium.remote.RemoteWebDriver.execute(RemoteWebDriver.java:552)\r\n\tat org.openqa.selenium.remote.RemoteWebDriver.startSession(RemoteWebDriver.java:213)\r\n\tat org.openqa.selenium.remote.RemoteWebDriver.<init>(RemoteWebDriver.java:131)\r\n\tat org.openqa.selenium.chrome.ChromeDriver.<init>(ChromeDriver.java:181)\r\n\tat org.openqa.selenium.chrome.ChromeDriver.<init>(ChromeDriver.java:168)\r\n\tat org.openqa.selenium.chrome.ChromeDriver.<init>(ChromeDriver.java:123)\r\n\tat stepdefinition.Marketing_TestScript.i_navigate_to_application_open_URL(Marketing_TestScript.java:36)\r\n\tat ✽.I navigate to application open URL(file:src/test/resources/features/Marketing.feature:6)\r\n"},"stage":"finished","steps":[],"attachments":[],"parameters":[],"start":1692853090643,"stop":1692853097167},{"name":"When  User Enter Username and Password by click on login Button","status":"skipped","statusDetails":{"known":false,"muted":false,"flaky":false},"stage":"finished","steps":[],"attachments":[],"parameters":[],"start":1692853097167,"stop":1692853097168},{"name":"Then  Login sucessfully","status":"skipped","statusDetails":{"known":false,"muted":false,"flaky":false},"stage":"finished","steps":[],"attachments":[],"parameters":[],"start":1692853097168,"stop":1692853097170},{"name":"And  User is in VtigerCRM Home page","status":"skipped","statusDetails":{"known":false,"muted":false,"flaky":false},"stage":"finished","steps":[],"attachments":[],"parameters":[],"start":1692853097171,"stop":1692853097171},{"name":"And  User has click on Marketing tab","status":"skipped","statusDetails":{"known":false,"muted":false,"flaky":false},"stage":"finished","steps":[],"attachments":[],"parameters":[],"start":1692853097171,"stop":1692853097171}],"attachments":[],"parameters":[],"start":1692853090641,"stop":1692853097173,"uuid":"bdd365ad-c02c-4cd8-a090-e2ca38984770","historyId":"1784f00f1c99809911b732ddde877c3f","fullName":"Validating Marketing page: verify the Vtiger Login Page","labels":[{"name":"tag","value":"Regression"},{"name":"tag","value":"Marketing_1"},{"name":"tag","value":"TC_001"},{"name":"host","value":"DESKTOP-MVHKLV0"},{"name":"thread","value":"10180@DESKTOP-MVHKLV0.main(1)"},{"name":"feature","value":"Validating Marketing page"},{"name":"story","value":"verify the Vtiger Login Page"},{"name":"package","value":"src.test.resources.features.Validating Marketing page"},{"name":"suite","value":"Validating Marketing page"},{"name":"testClass","value":"verify the Vtiger Login Page"},{"name":"framework","value":"cucumber4jvm"},{"name":"language","value":"java"},{"name":"gherkin_uri","value":"file:src/test/resources/features/Marketing.feature"}],"links":[]}