{"name":"Verify the QuickCreate Page","status":"broken","statusDetails":{"known":false,"muted":false,"flaky":false,"message":"session not created: This version of ChromeDriver only supports Chrome version 119\nCurrent browser version is 121.0.6167.85 with binary path C:\\Program Files\\Google\\Chrome\\Application\\chrome.exe\nBuild info: version: '3.141.59', revision: 'e82be7d358', time: '2018-11-14T08:17:03'\nSystem info: host: 'DESKTOP-MVHKLV0', ip: '192.168.1.5', os.name: 'Windows 11', os.arch: 'amd64', os.version: '10.0', java.version: '17.0.8'\nDriver info: driver.version: ChromeDriver\nremote stacktrace: \tGetHandleVerifier [0x006A72A3+45731]\n\t(No symbol) [0x00632D51]\n\t(No symbol) [0x0052880D]\n\t(No symbol) [0x00551281]\n\t(No symbol) [0x00550A9A]\n\t(No symbol) [0x0054D3C2]\n\t(No symbol) [0x0054A310]\n\t(No symbol) [0x0057EB26]\n\t(No symbol) [0x0057E6BC]\n\t(No symbol) [0x00577DD6]\n\t(No symbol) [0x005531F6]\n\t(No symbol) [0x0055439D]\n\tGetHandleVerifier [0x009B0716+3229462]\n\tGetHandleVerifier [0x009F84C8+3523784]\n\tGetHandleVerifier [0x009F214C+3498316]\n\tGetHandleVerifier [0x00731680+611968]\n\t(No symbol) [0x0063CCCC]\n\t(No symbol) [0x00638DF8]\n\t(No symbol) [0x00638F1D]\n\t(No symbol) [0x0062B2C7]\n\tBaseThreadInitThunk [0x76BC7BA9+25]\n\tRtlInitializeExceptionChain [0x7774BD2B+107]\n\tRtlClearBits [0x7774BCAF+191]\n","trace":"org.openqa.selenium.SessionNotCreatedException: session not created: This version of ChromeDriver only supports Chrome version 119\nCurrent browser version is 121.0.6167.85 with binary path C:\\Program Files\\Google\\Chrome\\Application\\chrome.exe\nBuild info: version: '3.141.59', revision: 'e82be7d358', time: '2018-11-14T08:17:03'\nSystem info: host: 'DESKTOP-MVHKLV0', ip: '192.168.1.5', os.name: 'Windows 11', os.arch: 'amd64', os.version: '10.0', java.version: '17.0.8'\nDriver info: driver.version: ChromeDriver\nremote stacktrace: \tGetHandleVerifier [0x006A72A3+45731]\n\t(No symbol) [0x00632D51]\n\t(No symbol) [0x0052880D]\n\t(No symbol) [0x00551281]\n\t(No symbol) [0x00550A9A]\n\t(No symbol) [0x0054D3C2]\n\t(No symbol) [0x0054A310]\n\t(No symbol) [0x0057EB26]\n\t(No symbol) [0x0057E6BC]\n\t(No symbol) [0x00577DD6]\n\t(No symbol) [0x005531F6]\n\t(No symbol) [0x0055439D]\n\tGetHandleVerifier [0x009B0716+3229462]\n\tGetHandleVerifier [0x009F84C8+3523784]\n\tGetHandleVerifier [0x009F214C+3498316]\n\tGetHandleVerifier [0x00731680+611968]\n\t(No symbol) [0x0063CCCC]\n\t(No symbol) [0x00638DF8]\n\t(No symbol) [0x00638F1D]\n\t(No symbol) [0x0062B2C7]\n\tBaseThreadInitThunk [0x76BC7BA9+25]\n\tRtlInitializeExceptionChain [0x7774BD2B+107]\n\tRtlClearBits [0x7774BCAF+191]\n\r\n\tat java.base/jdk.internal.reflect.NativeConstructorAccessorImpl.newInstance0(Native Method)\r\n\tat java.base/jdk.internal.reflect.NativeConstructorAccessorImpl.newInstance(NativeConstructorAccessorImpl.java:77)\r\n\tat java.base/jdk.internal.reflect.DelegatingConstructorAccessorImpl.newInstance(DelegatingConstructorAccessorImpl.java:45)\r\n\tat java.base/java.lang.reflect.Constructor.newInstanceWithCaller(Constructor.java:499)\r\n\tat java.base/java.lang.reflect.Constructor.newInstance(Constructor.java:480)\r\n\tat org.openqa.selenium.remote.W3CHandshakeResponse.lambda$errorHandler$0(W3CHandshakeResponse.java:62)\r\n\tat org.openqa.selenium.remote.HandshakeResponse.lambda$getResponseFunction$0(HandshakeResponse.java:30)\r\n\tat org.openqa.selenium.remote.ProtocolHandshake.lambda$createSession$0(ProtocolHandshake.java:126)\r\n\tat java.base/java.util.stream.ReferencePipeline$3$1.accept(ReferencePipeline.java:197)\r\n\tat java.base/java.util.Spliterators$ArraySpliterator.tryAdvance(Spliterators.java:1002)\r\n\tat java.base/java.util.stream.ReferencePipeline.forEachWithCancel(ReferencePipeline.java:129)\r\n\tat java.base/java.util.stream.AbstractPipeline.copyIntoWithCancel(AbstractPipeline.java:527)\r\n\tat java.base/java.util.stream.AbstractPipeline.copyInto(AbstractPipeline.java:513)\r\n\tat java.base/java.util.stream.AbstractPipeline.wrapAndCopyInto(AbstractPipeline.java:499)\r\n\tat java.base/java.util.stream.FindOps$FindOp.evaluateSequential(FindOps.java:150)\r\n\tat java.base/java.util.stream.AbstractPipeline.evaluate(AbstractPipeline.java:234)\r\n\tat java.base/java.util.stream.ReferencePipeline.findFirst(ReferencePipeline.java:647)\r\n\tat org.openqa.selenium.remote.ProtocolHandshake.createSession(ProtocolHandshake.java:128)\r\n\tat org.openqa.selenium.remote.ProtocolHandshake.createSession(ProtocolHandshake.java:74)\r\n\tat org.openqa.selenium.remote.HttpCommandExecutor.execute(HttpCommandExecutor.java:136)\r\n\tat org.openqa.selenium.remote.service.DriverCommandExecutor.execute(DriverCommandExecutor.java:83)\r\n\tat org.openqa.selenium.remote.RemoteWebDriver.execute(RemoteWebDriver.java:552)\r\n\tat org.openqa.selenium.remote.RemoteWebDriver.startSession(RemoteWebDriver.java:213)\r\n\tat org.openqa.selenium.remote.RemoteWebDriver.<init>(RemoteWebDriver.java:131)\r\n\tat org.openqa.selenium.chrome.ChromeDriver.<init>(ChromeDriver.java:181)\r\n\tat org.openqa.selenium.chrome.ChromeDriver.<init>(ChromeDriver.java:168)\r\n\tat org.openqa.selenium.chrome.ChromeDriver.<init>(ChromeDriver.java:123)\r\n\tat stepdefinition.Analytics_TestScript.i_navigate_to_APPlication_open_UrL(Analytics_TestScript.java:40)\r\n\tat ✽.I navigate to APPlication open UrL(file:src/test/resources/features/QuickCreate.feature:5)\r\n"},"stage":"finished","steps":[{"name":"Given  I navigate to APPlication open UrL","status":"broken","statusDetails":{"known":false,"muted":false,"flaky":false,"message":"session not created: This version of ChromeDriver only supports Chrome version 119\nCurrent browser version is 121.0.6167.85 with binary path C:\\Program Files\\Google\\Chrome\\Application\\chrome.exe\nBuild info: version: '3.141.59', revision: 'e82be7d358', time: '2018-11-14T08:17:03'\nSystem info: host: 'DESKTOP-MVHKLV0', ip: '192.168.1.5', os.name: 'Windows 11', os.arch: 'amd64', os.version: '10.0', java.version: '17.0.8'\nDriver info: driver.version: ChromeDriver\nremote stacktrace: \tGetHandleVerifier [0x006A72A3+45731]\n\t(No symbol) [0x00632D51]\n\t(No symbol) [0x0052880D]\n\t(No symbol) [0x00551281]\n\t(No symbol) [0x00550A9A]\n\t(No symbol) [0x0054D3C2]\n\t(No symbol) [0x0054A310]\n\t(No symbol) [0x0057EB26]\n\t(No symbol) [0x0057E6BC]\n\t(No symbol) [0x00577DD6]\n\t(No symbol) [0x005531F6]\n\t(No symbol) [0x0055439D]\n\tGetHandleVerifier [0x009B0716+3229462]\n\tGetHandleVerifier [0x009F84C8+3523784]\n\tGetHandleVerifier [0x009F214C+3498316]\n\tGetHandleVerifier [0x00731680+611968]\n\t(No symbol) [0x0063CCCC]\n\t(No symbol) [0x00638DF8]\n\t(No symbol) [0x00638F1D]\n\t(No symbol) [0x0062B2C7]\n\tBaseThreadInitThunk [0x76BC7BA9+25]\n\tRtlInitializeExceptionChain [0x7774BD2B+107]\n\tRtlClearBits [0x7774BCAF+191]\n","trace":"org.openqa.selenium.SessionNotCreatedException: session not created: This version of ChromeDriver only supports Chrome version 119\nCurrent browser version is 121.0.6167.85 with binary path C:\\Program Files\\Google\\Chrome\\Application\\chrome.exe\nBuild info: version: '3.141.59', revision: 'e82be7d358', time: '2018-11-14T08:17:03'\nSystem info: host: 'DESKTOP-MVHKLV0', ip: '192.168.1.5', os.name: 'Windows 11', os.arch: 'amd64', os.version: '10.0', java.version: '17.0.8'\nDriver info: driver.version: ChromeDriver\nremote stacktrace: \tGetHandleVerifier [0x006A72A3+45731]\n\t(No symbol) [0x00632D51]\n\t(No symbol) [0x0052880D]\n\t(No symbol) [0x00551281]\n\t(No symbol) [0x00550A9A]\n\t(No symbol) [0x0054D3C2]\n\t(No symbol) [0x0054A310]\n\t(No symbol) [0x0057EB26]\n\t(No symbol) [0x0057E6BC]\n\t(No symbol) [0x00577DD6]\n\t(No symbol) [0x005531F6]\n\t(No symbol) [0x0055439D]\n\tGetHandleVerifier [0x009B0716+3229462]\n\tGetHandleVerifier [0x009F84C8+3523784]\n\tGetHandleVerifier [0x009F214C+3498316]\n\tGetHandleVerifier [0x00731680+611968]\n\t(No symbol) [0x0063CCCC]\n\t(No symbol) [0x00638DF8]\n\t(No symbol) [0x00638F1D]\n\t(No symbol) [0x0062B2C7]\n\tBaseThreadInitThunk [0x76BC7BA9+25]\n\tRtlInitializeExceptionChain [0x7774BD2B+107]\n\tRtlClearBits [0x7774BCAF+191]\n\r\n\tat java.base/jdk.internal.reflect.NativeConstructorAccessorImpl.newInstance0(Native Method)\r\n\tat java.base/jdk.internal.reflect.NativeConstructorAccessorImpl.newInstance(NativeConstructorAccessorImpl.java:77)\r\n\tat java.base/jdk.internal.reflect.DelegatingConstructorAccessorImpl.newInstance(DelegatingConstructorAccessorImpl.java:45)\r\n\tat java.base/java.lang.reflect.Constructor.newInstanceWithCaller(Constructor.java:499)\r\n\tat java.base/java.lang.reflect.Constructor.newInstance(Constructor.java:480)\r\n\tat org.openqa.selenium.remote.W3CHandshakeResponse.lambda$errorHandler$0(W3CHandshakeResponse.java:62)\r\n\tat org.openqa.selenium.remote.HandshakeResponse.lambda$getResponseFunction$0(HandshakeResponse.java:30)\r\n\tat org.openqa.selenium.remote.ProtocolHandshake.lambda$createSession$0(ProtocolHandshake.java:126)\r\n\tat java.base/java.util.stream.ReferencePipeline$3$1.accept(ReferencePipeline.java:197)\r\n\tat java.base/java.util.Spliterators$ArraySpliterator.tryAdvance(Spliterators.java:1002)\r\n\tat java.base/java.util.stream.ReferencePipeline.forEachWithCancel(ReferencePipeline.java:129)\r\n\tat java.base/java.util.stream.AbstractPipeline.copyIntoWithCancel(AbstractPipeline.java:527)\r\n\tat java.base/java.util.stream.AbstractPipeline.copyInto(AbstractPipeline.java:513)\r\n\tat java.base/java.util.stream.AbstractPipeline.wrapAndCopyInto(AbstractPipeline.java:499)\r\n\tat java.base/java.util.stream.FindOps$FindOp.evaluateSequential(FindOps.java:150)\r\n\tat java.base/java.util.stream.AbstractPipeline.evaluate(AbstractPipeline.java:234)\r\n\tat java.base/java.util.stream.ReferencePipeline.findFirst(ReferencePipeline.java:647)\r\n\tat org.openqa.selenium.remote.ProtocolHandshake.createSession(ProtocolHandshake.java:128)\r\n\tat org.openqa.selenium.remote.ProtocolHandshake.createSession(ProtocolHandshake.java:74)\r\n\tat org.openqa.selenium.remote.HttpCommandExecutor.execute(HttpCommandExecutor.java:136)\r\n\tat org.openqa.selenium.remote.service.DriverCommandExecutor.execute(DriverCommandExecutor.java:83)\r\n\tat org.openqa.selenium.remote.RemoteWebDriver.execute(RemoteWebDriver.java:552)\r\n\tat org.openqa.selenium.remote.RemoteWebDriver.startSession(RemoteWebDriver.java:213)\r\n\tat org.openqa.selenium.remote.RemoteWebDriver.<init>(RemoteWebDriver.java:131)\r\n\tat org.openqa.selenium.chrome.ChromeDriver.<init>(ChromeDriver.java:181)\r\n\tat org.openqa.selenium.chrome.ChromeDriver.<init>(ChromeDriver.java:168)\r\n\tat org.openqa.selenium.chrome.ChromeDriver.<init>(ChromeDriver.java:123)\r\n\tat stepdefinition.Analytics_TestScript.i_navigate_to_APPlication_open_UrL(Analytics_TestScript.java:40)\r\n\tat ✽.I navigate to APPlication open UrL(file:src/test/resources/features/QuickCreate.feature:5)\r\n"},"stage":"finished","steps":[],"attachments":[],"parameters":[],"start":1706447246897,"stop":1706447248097},{"name":"When  user Enter UsernamE and PassworD by clicK on login Button","status":"skipped","statusDetails":{"known":false,"muted":false,"flaky":false},"stage":"finished","steps":[],"attachments":[],"parameters":[],"start":1706447248098,"stop":1706447248098},{"name":"Then  Login Sucessfully","status":"skipped","statusDetails":{"known":false,"muted":false,"flaky":false},"stage":"finished","steps":[],"attachments":[],"parameters":[],"start":1706447248098,"stop":1706447248098},{"name":"And  user is in VtigerCRM HOme page","status":"skipped","statusDetails":{"known":false,"muted":false,"flaky":false},"stage":"finished","steps":[],"attachments":[],"parameters":[],"start":1706447248098,"stop":1706447248098},{"name":"And  user has click on Quickcreate Page","statusDetails":{"known":false,"muted":false,"flaky":false,"message":"TODO: implement me","trace":"cucumber.api.PendingException: TODO: implement me\r\n\tat io.qameta.allure.cucumber4jvm.AllureCucumber4Jvm.handlePickleStep(AllureCucumber4Jvm.java:381)\r\n\tat io.qameta.allure.cucumber4jvm.AllureCucumber4Jvm.handleTestStepFinished(AllureCucumber4Jvm.java:233)\r\n\tat cucumber.runner.AbstractEventPublisher.send(AbstractEventPublisher.java:45)\r\n\tat cucumber.runner.AbstractEventBus.send(AbstractEventBus.java:9)\r\n\tat cucumber.runner.TimeServiceEventBus.send(TimeServiceEventBus.java:3)\r\n\tat cucumber.runner.ThreadLocalRunnerSupplier$SynchronizedEventBus.send(ThreadLocalRunnerSupplier.java:93)\r\n\tat cucumber.runner.ThreadLocalRunnerSupplier$LocalEventBus.send(ThreadLocalRunnerSupplier.java:61)\r\n\tat cucumber.runner.TestStep.run(TestStep.java:59)\r\n\tat cucumber.runner.PickleStepTestStep.run(PickleStepTestStep.java:43)\r\n\tat cucumber.runner.TestCase.run(TestCase.java:46)\r\n\tat cucumber.runner.Runner.runPickle(Runner.java:49)\r\n\tat cucumber.api.testng.TestNGCucumberRunner.runScenario(TestNGCucumberRunner.java:57)\r\n\tat cucumber.api.testng.AbstractTestNGCucumberTests.runScenario(AbstractTestNGCucumberTests.java:22)\r\n\tat java.base/jdk.internal.reflect.NativeMethodAccessorImpl.invoke0(Native Method)\r\n\tat java.base/jdk.internal.reflect.NativeMethodAccessorImpl.invoke(NativeMethodAccessorImpl.java:77)\r\n\tat java.base/jdk.internal.reflect.DelegatingMethodAccessorImpl.invoke(DelegatingMethodAccessorImpl.java:43)\r\n\tat java.base/java.lang.reflect.Method.invoke(Method.java:568)\r\n\tat org.testng.internal.MethodInvocationHelper.invokeMethod(MethodInvocationHelper.java:124)\r\n\tat org.testng.internal.Invoker.invokeMethod(Invoker.java:583)\r\n\tat org.testng.internal.Invoker.invokeTestMethod(Invoker.java:719)\r\n\tat org.testng.internal.Invoker.invokeTestMethods(Invoker.java:989)\r\n\tat org.testng.internal.TestMethodWorker.invokeTestMethods(TestMethodWorker.java:125)\r\n\tat org.testng.internal.TestMethodWorker.run(TestMethodWorker.java:109)\r\n\tat org.testng.TestRunner.privateRun(TestRunner.java:648)\r\n\tat org.testng.TestRunner.run(TestRunner.java:505)\r\n\tat org.testng.SuiteRunner.runTest(SuiteRunner.java:455)\r\n\tat org.testng.SuiteRunner.runSequentially(SuiteRunner.java:450)\r\n\tat org.testng.SuiteRunner.privateRun(SuiteRunner.java:415)\r\n\tat org.testng.SuiteRunner.run(SuiteRunner.java:364)\r\n\tat org.testng.SuiteRunnerWorker.runSuite(SuiteRunnerWorker.java:52)\r\n\tat org.testng.SuiteRunnerWorker.run(SuiteRunnerWorker.java:84)\r\n\tat org.testng.TestNG.runSuitesSequentially(TestNG.java:1208)\r\n\tat org.testng.TestNG.runSuitesLocally(TestNG.java:1137)\r\n\tat org.testng.TestNG.runSuites(TestNG.java:1049)\r\n\tat org.testng.TestNG.run(TestNG.java:1017)\r\n\tat org.apache.maven.surefire.testng.TestNGExecutor.run(TestNGExecutor.java:135)\r\n\tat org.apache.maven.surefire.testng.TestNGDirectoryTestSuite.executeSingleClass(TestNGDirectoryTestSuite.java:112)\r\n\tat org.apache.maven.surefire.testng.TestNGDirectoryTestSuite.execute(TestNGDirectoryTestSuite.java:99)\r\n\tat org.apache.maven.surefire.testng.TestNGProvider.invoke(TestNGProvider.java:146)\r\n\tat org.apache.maven.surefire.booter.ForkedBooter.invokeProviderInSameClassLoader(ForkedBooter.java:384)\r\n\tat org.apache.maven.surefire.booter.ForkedBooter.runSuitesInProcess(ForkedBooter.java:345)\r\n\tat org.apache.maven.surefire.booter.ForkedBooter.execute(ForkedBooter.java:126)\r\n\tat org.apache.maven.surefire.booter.ForkedBooter.main(ForkedBooter.java:418)\r\n"},"stage":"finished","steps":[],"attachments":[],"parameters":[],"start":1706447248099,"stop":1706447248099}],"attachments":[],"parameters":[],"start":1706447246895,"stop":1706447248100,"uuid":"f3b07621-88d0-440c-9e2a-a15a2d96c1f5","historyId":"86abf70b70ddeba1548371a7522cb9b7","fullName":"Validating to QuickCreate Page Functionality: Verify the QuickCreate Page","labels":[{"name":"tag","value":"QuickCreate_1"},{"name":"host","value":"DESKTOP-MVHKLV0"},{"name":"thread","value":"10924@DESKTOP-MVHKLV0.main(1)"},{"name":"feature","value":"Validating to QuickCreate Page Functionality"},{"name":"story","value":"Verify the QuickCreate Page"},{"name":"package","value":"src.test.resources.features.Validating to QuickCreate Page Functionality"},{"name":"suite","value":"Validating to QuickCreate Page Functionality"},{"name":"testClass","value":"Verify the QuickCreate Page"},{"name":"framework","value":"cucumber4jvm"},{"name":"language","value":"java"},{"name":"gherkin_uri","value":"file:src/test/resources/features/QuickCreate.feature"}],"links":[]}